
2020/07/28 12:11:59 [error] [exception.CHttpException.404] CHttpException: Unable to resolve the request "reportCampaign/read". in /Library/WebServer/Documents/MBilling_7/yii/framework/web/CWebApplication.php:286
Stack trace:
#0 /Library/WebServer/Documents/MBilling_7/yii/framework/web/CWebApplication.php(141): CWebApplication->runController('reportCampaign/...')
#1 /Library/WebServer/Documents/MBilling_7/yii/framework/base/CApplication.php(169): CWebApplication->processRequest()
#2 /Library/WebServer/Documents/MBilling_7/index.php(12): CApplication->run()
#3 {main}
REQUEST_URI=/MBilling_7/index.php/reportCampaign/read
---
2020/07/28 12:12:07 [error] [php] include(CampaignReport.php): failed to open stream: No such file or directory (/Library/WebServer/Documents/MBilling_7/yii/framework/YiiBase.php:421)
Stack trace:
#0 /Library/WebServer/Documents/MBilling_7/protected/controllers/CampaignReportController.php(30): spl_autoload_call()
#1 /Library/WebServer/Documents/MBilling_7/yii/framework/web/CWebApplication.php(281): CampaignReportController->init()
#2 /Library/WebServer/Documents/MBilling_7/yii/framework/web/CWebApplication.php(141): CWebApplication->runController()
#3 /Library/WebServer/Documents/MBilling_7/yii/framework/base/CApplication.php(169): CWebApplication->processRequest()
#4 /Library/WebServer/Documents/MBilling_7/index.php(12): CWebApplication->run()
REQUEST_URI=/MBilling_7/index.php/campaignReport
in /Library/WebServer/Documents/MBilling_7/protected/controllers/CampaignReportController.php (30)
in /Library/WebServer/Documents/MBilling_7/index.php (12)
2020/07/28 12:12:10 [error] [php] include(CampaignReport.php): failed to open stream: No such file or directory (/Library/WebServer/Documents/MBilling_7/yii/framework/YiiBase.php:421)
Stack trace:
#0 /Library/WebServer/Documents/MBilling_7/protected/controllers/CampaignReportController.php(30): spl_autoload_call()
#1 /Library/WebServer/Documents/MBilling_7/yii/framework/web/CWebApplication.php(281): CampaignReportController->init()
#2 /Library/WebServer/Documents/MBilling_7/yii/framework/web/CWebApplication.php(141): CWebApplication->runController()
#3 /Library/WebServer/Documents/MBilling_7/yii/framework/base/CApplication.php(169): CWebApplication->processRequest()
#4 /Library/WebServer/Documents/MBilling_7/index.php(12): CWebApplication->run()
REQUEST_URI=/MBilling_7/index.php/campaignReport/read
in /Library/WebServer/Documents/MBilling_7/protected/controllers/CampaignReportController.php (30)
in /Library/WebServer/Documents/MBilling_7/index.php (12)
2020/07/28 12:12:27 [error] [php] include(CampaignReport.php): failed to open stream: No such file or directory (/Library/WebServer/Documents/MBilling_7/yii/framework/YiiBase.php:421)
Stack trace:
#0 /Library/WebServer/Documents/MBilling_7/protected/controllers/CampaignReportController.php(30): spl_autoload_call()
#1 /Library/WebServer/Documents/MBilling_7/yii/framework/web/CWebApplication.php(281): CampaignReportController->init()
#2 /Library/WebServer/Documents/MBilling_7/yii/framework/web/CWebApplication.php(141): CWebApplication->runController()
#3 /Library/WebServer/Documents/MBilling_7/yii/framework/base/CApplication.php(169): CWebApplication->processRequest()
#4 /Library/WebServer/Documents/MBilling_7/index.php(12): CWebApplication->run()
REQUEST_URI=/MBilling_7/index.php/campaignReport/read
in /Library/WebServer/Documents/MBilling_7/protected/controllers/CampaignReportController.php (30)
in /Library/WebServer/Documents/MBilling_7/index.php (12)
2020/07/28 12:12:28 [error] [php] include(CampaignReport.php): failed to open stream: No such file or directory (/Library/WebServer/Documents/MBilling_7/yii/framework/YiiBase.php:421)
Stack trace:
#0 /Library/WebServer/Documents/MBilling_7/protected/controllers/CampaignReportController.php(30): spl_autoload_call()
#1 /Library/WebServer/Documents/MBilling_7/yii/framework/web/CWebApplication.php(281): CampaignReportController->init()
#2 /Library/WebServer/Documents/MBilling_7/yii/framework/web/CWebApplication.php(141): CWebApplication->runController()
#3 /Library/WebServer/Documents/MBilling_7/yii/framework/base/CApplication.php(169): CWebApplication->processRequest()
#4 /Library/WebServer/Documents/MBilling_7/index.php(12): CWebApplication->run()
REQUEST_URI=/MBilling_7/index.php/campaignReport/read
in /Library/WebServer/Documents/MBilling_7/protected/controllers/CampaignReportController.php (30)
in /Library/WebServer/Documents/MBilling_7/index.php (12)
2020/07/28 12:12:47 [error] [php] include(CampaignReport.php): failed to open stream: No such file or directory (/Library/WebServer/Documents/MBilling_7/yii/framework/YiiBase.php:421)
Stack trace:
#0 /Library/WebServer/Documents/MBilling_7/protected/controllers/CampaignReportController.php(30): spl_autoload_call()
#1 /Library/WebServer/Documents/MBilling_7/yii/framework/web/CWebApplication.php(281): CampaignReportController->init()
#2 /Library/WebServer/Documents/MBilling_7/yii/framework/web/CWebApplication.php(141): CWebApplication->runController()
#3 /Library/WebServer/Documents/MBilling_7/yii/framework/base/CApplication.php(169): CWebApplication->processRequest()
#4 /Library/WebServer/Documents/MBilling_7/index.php(12): CWebApplication->run()
REQUEST_URI=/MBilling_7/index.php/campaignReport/read
in /Library/WebServer/Documents/MBilling_7/protected/controllers/CampaignReportController.php (30)
in /Library/WebServer/Documents/MBilling_7/index.php (12)
2020/07/28 12:29:36 [error] [exception.CHttpException.404] CHttpException: O sistema não foi capaz de encontrar a ação "index" solicitada. in /Library/WebServer/Documents/MBilling_7/yii/framework/web/CController.php:483
Stack trace:
#0 /Library/WebServer/Documents/MBilling_7/yii/framework/web/CController.php(270): CController->missingAction('')
#1 /Library/WebServer/Documents/MBilling_7/yii/framework/web/CWebApplication.php(282): CController->run('')
#2 /Library/WebServer/Documents/MBilling_7/yii/framework/web/CWebApplication.php(141): CWebApplication->runController('campaignReport')
#3 /Library/WebServer/Documents/MBilling_7/yii/framework/base/CApplication.php(169): CWebApplication->processRequest()
#4 /Library/WebServer/Documents/MBilling_7/index.php(12): CApplication->run()
#5 {main}
REQUEST_URI=/MBilling_7/index.php/campaignReport
---
2022/07/15 02:16:01 [error] [php] Trying to get property 'cps' of non-object (/var/www/html/mbilling/protected/controllers/StatusSystemController.php:58)
Stack trace:
#0 unknown(0): StatusSystemController->actionRead()
#1 /var/www/html/mbilling/yii/framework/web/actions/CAction.php(115): ReflectionMethod->invokeArgs()
#2 /var/www/html/mbilling/yii/framework/web/actions/CInlineAction.php(47): CInlineAction->runWithParamsInternal()
#3 /var/www/html/mbilling/yii/framework/web/CController.php(308): CInlineAction->runWithParams()
#4 /var/www/html/mbilling/yii/framework/web/CController.php(286): StatusSystemController->runAction()
#5 /var/www/html/mbilling/yii/framework/web/CController.php(265): StatusSystemController->runActionWithFilters()
#6 /var/www/html/mbilling/yii/framework/web/CWebApplication.php(282): StatusSystemController->run()
#7 /var/www/html/mbilling/yii/framework/web/CWebApplication.php(141): CWebApplication->runController()
#8 /var/www/html/mbilling/yii/framework/base/CApplication.php(185): CWebApplication->processRequest()
#9 /var/www/html/mbilling/index.php(11): CWebApplication->run()
REQUEST_URI=/mbilling/index.php/statusSystem/read?_dc=1657851360963&page=1&start=0&limit=25
2022/07/15 02:16:01 [error] [php] Trying to get property 'cps' of non-object (/var/www/html/mbilling/protected/controllers/StatusSystemController.php:58)
Stack trace:
#0 unknown(0): StatusSystemController->actionRead()
#1 /var/www/html/mbilling/yii/framework/web/actions/CAction.php(115): ReflectionMethod->invokeArgs()
#2 /var/www/html/mbilling/yii/framework/web/actions/CInlineAction.php(47): CInlineAction->runWithParamsInternal()
#3 /var/www/html/mbilling/yii/framework/web/CController.php(308): CInlineAction->runWithParams()
#4 /var/www/html/mbilling/yii/framework/web/CController.php(286): StatusSystemController->runAction()
#5 /var/www/html/mbilling/yii/framework/web/CController.php(265): StatusSystemController->runActionWithFilters()
#6 /var/www/html/mbilling/yii/framework/web/CWebApplication.php(282): StatusSystemController->run()
#7 /var/www/html/mbilling/yii/framework/web/CWebApplication.php(141): CWebApplication->runController()
#8 /var/www/html/mbilling/yii/framework/base/CApplication.php(185): CWebApplication->processRequest()
#9 /var/www/html/mbilling/index.php(11): CWebApplication->run()
REQUEST_URI=/mbilling/index.php/statusSystem/read?_dc=1657851360975&page=1&start=0&limit=25
2022/07/15 02:16:06 [error] [php] Trying to get property 'cps' of non-object (/var/www/html/mbilling/protected/controllers/StatusSystemController.php:58)
Stack trace:
#0 unknown(0): StatusSystemController->actionRead()
#1 /var/www/html/mbilling/yii/framework/web/actions/CAction.php(115): ReflectionMethod->invokeArgs()
#2 /var/www/html/mbilling/yii/framework/web/actions/CInlineAction.php(47): CInlineAction->runWithParamsInternal()
#3 /var/www/html/mbilling/yii/framework/web/CController.php(308): CInlineAction->runWithParams()
#4 /var/www/html/mbilling/yii/framework/web/CController.php(286): StatusSystemController->runAction()
#5 /var/www/html/mbilling/yii/framework/web/CController.php(265): StatusSystemController->runActionWithFilters()
#6 /var/www/html/mbilling/yii/framework/web/CWebApplication.php(282): StatusSystemController->run()
#7 /var/www/html/mbilling/yii/framework/web/CWebApplication.php(141): CWebApplication->runController()
#8 /var/www/html/mbilling/yii/framework/base/CApplication.php(185): CWebApplication->processRequest()
#9 /var/www/html/mbilling/index.php(11): CWebApplication->run()
REQUEST_URI=/mbilling/index.php/statusSystem/read?_dc=1657851366310&page=1&start=0&limit=25
2022/07/15 02:16:11 [error] [php] Trying to get property 'cps' of non-object (/var/www/html/mbilling/protected/controllers/StatusSystemController.php:58)
Stack trace:
#0 unknown(0): StatusSystemController->actionRead()
#1 /var/www/html/mbilling/yii/framework/web/actions/CAction.php(115): ReflectionMethod->invokeArgs()
#2 /var/www/html/mbilling/yii/framework/web/actions/CInlineAction.php(47): CInlineAction->runWithParamsInternal()
#3 /var/www/html/mbilling/yii/framework/web/CController.php(308): CInlineAction->runWithParams()
#4 /var/www/html/mbilling/yii/framework/web/CController.php(286): StatusSystemController->runAction()
#5 /var/www/html/mbilling/yii/framework/web/CController.php(265): StatusSystemController->runActionWithFilters()
#6 /var/www/html/mbilling/yii/framework/web/CWebApplication.php(282): StatusSystemController->run()
#7 /var/www/html/mbilling/yii/framework/web/CWebApplication.php(141): CWebApplication->runController()
#8 /var/www/html/mbilling/yii/framework/base/CApplication.php(185): CWebApplication->processRequest()
#9 /var/www/html/mbilling/index.php(11): CWebApplication->run()
REQUEST_URI=/mbilling/index.php/statusSystem/read?_dc=1657851371598&page=1&start=0&limit=25
2022/07/15 02:16:11 [error] [php] Trying to get property 'cps' of non-object (/var/www/html/mbilling/protected/controllers/StatusSystemController.php:58)
Stack trace:
#0 unknown(0): StatusSystemController->actionRead()
#1 /var/www/html/mbilling/yii/framework/web/actions/CAction.php(115): ReflectionMethod->invokeArgs()
#2 /var/www/html/mbilling/yii/framework/web/actions/CInlineAction.php(47): CInlineAction->runWithParamsInternal()
#3 /var/www/html/mbilling/yii/framework/web/CController.php(308): CInlineAction->runWithParams()
#4 /var/www/html/mbilling/yii/framework/web/CController.php(286): StatusSystemController->runAction()
#5 /var/www/html/mbilling/yii/framework/web/CController.php(265): StatusSystemController->runActionWithFilters()
#6 /var/www/html/mbilling/yii/framework/web/CWebApplication.php(282): StatusSystemController->run()
#7 /var/www/html/mbilling/yii/framework/web/CWebApplication.php(141): CWebApplication->runController()
#8 /var/www/html/mbilling/yii/framework/base/CApplication.php(185): CWebApplication->processRequest()
#9 /var/www/html/mbilling/index.php(11): CWebApplication->run()
REQUEST_URI=/mbilling/index.php/statusSystem/read?_dc=1657851371596&page=1&start=0&limit=25
2022/07/18 04:43:38 [error] [application] Username and password combination is invalid - User: admin IP: 192.168.1.86
2022/07/20 00:00:02 [error] [php] Trying to get property 'cps' of non-object (/var/www/html/mbilling/protected/controllers/StatusSystemController.php:58)
Stack trace:
#0 unknown(0): StatusSystemController->actionRead()
#1 /var/www/html/mbilling/yii/framework/web/actions/CAction.php(115): ReflectionMethod->invokeArgs()
#2 /var/www/html/mbilling/yii/framework/web/actions/CInlineAction.php(47): CInlineAction->runWithParamsInternal()
#3 /var/www/html/mbilling/yii/framework/web/CController.php(308): CInlineAction->runWithParams()
#4 /var/www/html/mbilling/yii/framework/web/CController.php(286): StatusSystemController->runAction()
#5 /var/www/html/mbilling/yii/framework/web/CController.php(265): StatusSystemController->runActionWithFilters()
#6 /var/www/html/mbilling/yii/framework/web/CWebApplication.php(282): StatusSystemController->run()
#7 /var/www/html/mbilling/yii/framework/web/CWebApplication.php(141): CWebApplication->runController()
#8 /var/www/html/mbilling/yii/framework/base/CApplication.php(185): CWebApplication->processRequest()
#9 /var/www/html/mbilling/index.php(11): CWebApplication->run()
REQUEST_URI=/mbilling/index.php/statusSystem/read?_dc=1658275202782&page=1&start=0&limit=25
2022/07/20 00:00:05 [error] [php] Trying to get property 'cps' of non-object (/var/www/html/mbilling/protected/controllers/StatusSystemController.php:58)
Stack trace:
#0 unknown(0): StatusSystemController->actionRead()
#1 /var/www/html/mbilling/yii/framework/web/actions/CAction.php(115): ReflectionMethod->invokeArgs()
#2 /var/www/html/mbilling/yii/framework/web/actions/CInlineAction.php(47): CInlineAction->runWithParamsInternal()
#3 /var/www/html/mbilling/yii/framework/web/CController.php(308): CInlineAction->runWithParams()
#4 /var/www/html/mbilling/yii/framework/web/CController.php(286): StatusSystemController->runAction()
#5 /var/www/html/mbilling/yii/framework/web/CController.php(265): StatusSystemController->runActionWithFilters()
#6 /var/www/html/mbilling/yii/framework/web/CWebApplication.php(282): StatusSystemController->run()
#7 /var/www/html/mbilling/yii/framework/web/CWebApplication.php(141): CWebApplication->runController()
#8 /var/www/html/mbilling/yii/framework/base/CApplication.php(185): CWebApplication->processRequest()
#9 /var/www/html/mbilling/index.php(11): CWebApplication->run()
REQUEST_URI=/mbilling/index.php/statusSystem/read?_dc=1658275205857&page=1&start=0&limit=25
2022/07/20 00:00:08 [error] [php] Trying to get property 'cps' of non-object (/var/www/html/mbilling/protected/controllers/StatusSystemController.php:58)
Stack trace:
#0 unknown(0): StatusSystemController->actionRead()
#1 /var/www/html/mbilling/yii/framework/web/actions/CAction.php(115): ReflectionMethod->invokeArgs()
#2 /var/www/html/mbilling/yii/framework/web/actions/CInlineAction.php(47): CInlineAction->runWithParamsInternal()
#3 /var/www/html/mbilling/yii/framework/web/CController.php(308): CInlineAction->runWithParams()
#4 /var/www/html/mbilling/yii/framework/web/CController.php(286): StatusSystemController->runAction()
#5 /var/www/html/mbilling/yii/framework/web/CController.php(265): StatusSystemController->runActionWithFilters()
#6 /var/www/html/mbilling/yii/framework/web/CWebApplication.php(282): StatusSystemController->run()
#7 /var/www/html/mbilling/yii/framework/web/CWebApplication.php(141): CWebApplication->runController()
#8 /var/www/html/mbilling/yii/framework/base/CApplication.php(185): CWebApplication->processRequest()
#9 /var/www/html/mbilling/index.php(11): CWebApplication->run()
REQUEST_URI=/mbilling/index.php/statusSystem/read?_dc=1658275208414&page=1&start=0&limit=25
2022/07/20 00:00:14 [error] [php] Trying to get property 'cps' of non-object (/var/www/html/mbilling/protected/controllers/StatusSystemController.php:58)
Stack trace:
#0 unknown(0): StatusSystemController->actionRead()
#1 /var/www/html/mbilling/yii/framework/web/actions/CAction.php(115): ReflectionMethod->invokeArgs()
#2 /var/www/html/mbilling/yii/framework/web/actions/CInlineAction.php(47): CInlineAction->runWithParamsInternal()
#3 /var/www/html/mbilling/yii/framework/web/CController.php(308): CInlineAction->runWithParams()
#4 /var/www/html/mbilling/yii/framework/web/CController.php(286): StatusSystemController->runAction()
#5 /var/www/html/mbilling/yii/framework/web/CController.php(265): StatusSystemController->runActionWithFilters()
#6 /var/www/html/mbilling/yii/framework/web/CWebApplication.php(282): StatusSystemController->run()
#7 /var/www/html/mbilling/yii/framework/web/CWebApplication.php(141): CWebApplication->runController()
#8 /var/www/html/mbilling/yii/framework/base/CApplication.php(185): CWebApplication->processRequest()
#9 /var/www/html/mbilling/index.php(11): CWebApplication->run()
REQUEST_URI=/mbilling/index.php/statusSystem/read?_dc=1658275214101&page=1&start=0&limit=25
2022/07/20 00:00:15 [error] [php] Trying to get property 'cps' of non-object (/var/www/html/mbilling/protected/controllers/StatusSystemController.php:58)
Stack trace:
#0 unknown(0): StatusSystemController->actionRead()
#1 /var/www/html/mbilling/yii/framework/web/actions/CAction.php(115): ReflectionMethod->invokeArgs()
#2 /var/www/html/mbilling/yii/framework/web/actions/CInlineAction.php(47): CInlineAction->runWithParamsInternal()
#3 /var/www/html/mbilling/yii/framework/web/CController.php(308): CInlineAction->runWithParams()
#4 /var/www/html/mbilling/yii/framework/web/CController.php(286): StatusSystemController->runAction()
#5 /var/www/html/mbilling/yii/framework/web/CController.php(265): StatusSystemController->runActionWithFilters()
#6 /var/www/html/mbilling/yii/framework/web/CWebApplication.php(282): StatusSystemController->run()
#7 /var/www/html/mbilling/yii/framework/web/CWebApplication.php(141): CWebApplication->runController()
#8 /var/www/html/mbilling/yii/framework/base/CApplication.php(185): CWebApplication->processRequest()
#9 /var/www/html/mbilling/index.php(11): CWebApplication->run()
REQUEST_URI=/mbilling/index.php/statusSystem/read?_dc=1658275215780&page=1&start=0&limit=25
2022/07/20 00:00:19 [error] [php] Trying to get property 'cps' of non-object (/var/www/html/mbilling/protected/controllers/StatusSystemController.php:58)
Stack trace:
#0 unknown(0): StatusSystemController->actionRead()
#1 /var/www/html/mbilling/yii/framework/web/actions/CAction.php(115): ReflectionMethod->invokeArgs()
#2 /var/www/html/mbilling/yii/framework/web/actions/CInlineAction.php(47): CInlineAction->runWithParamsInternal()
#3 /var/www/html/mbilling/yii/framework/web/CController.php(308): CInlineAction->runWithParams()
#4 /var/www/html/mbilling/yii/framework/web/CController.php(286): StatusSystemController->runAction()
#5 /var/www/html/mbilling/yii/framework/web/CController.php(265): StatusSystemController->runActionWithFilters()
#6 /var/www/html/mbilling/yii/framework/web/CWebApplication.php(282): StatusSystemController->run()
#7 /var/www/html/mbilling/yii/framework/web/CWebApplication.php(141): CWebApplication->runController()
#8 /var/www/html/mbilling/yii/framework/base/CApplication.php(185): CWebApplication->processRequest()
#9 /var/www/html/mbilling/index.php(11): CWebApplication->run()
REQUEST_URI=/mbilling/index.php/statusSystem/read?_dc=1658275219782&page=1&start=0&limit=25
2022/07/20 00:00:26 [error] [php] Trying to get property 'cps' of non-object (/var/www/html/mbilling/protected/controllers/StatusSystemController.php:58)
Stack trace:
#0 unknown(0): StatusSystemController->actionRead()
#1 /var/www/html/mbilling/yii/framework/web/actions/CAction.php(115): ReflectionMethod->invokeArgs()
#2 /var/www/html/mbilling/yii/framework/web/actions/CInlineAction.php(47): CInlineAction->runWithParamsInternal()
#3 /var/www/html/mbilling/yii/framework/web/CController.php(308): CInlineAction->runWithParams()
#4 /var/www/html/mbilling/yii/framework/web/CController.php(286): StatusSystemController->runAction()
#5 /var/www/html/mbilling/yii/framework/web/CController.php(265): StatusSystemController->runActionWithFilters()
#6 /var/www/html/mbilling/yii/framework/web/CWebApplication.php(282): StatusSystemController->run()
#7 /var/www/html/mbilling/yii/framework/web/CWebApplication.php(141): CWebApplication->runController()
#8 /var/www/html/mbilling/yii/framework/base/CApplication.php(185): CWebApplication->processRequest()
#9 /var/www/html/mbilling/index.php(11): CWebApplication->run()
REQUEST_URI=/mbilling/index.php/statusSystem/read?_dc=1658275226099&page=1&start=0&limit=25
2022/07/20 00:00:26 [error] [php] Trying to get property 'cps' of non-object (/var/www/html/mbilling/protected/controllers/StatusSystemController.php:58)
Stack trace:
#0 unknown(0): StatusSystemController->actionRead()
#1 /var/www/html/mbilling/yii/framework/web/actions/CAction.php(115): ReflectionMethod->invokeArgs()
#2 /var/www/html/mbilling/yii/framework/web/actions/CInlineAction.php(47): CInlineAction->runWithParamsInternal()
#3 /var/www/html/mbilling/yii/framework/web/CController.php(308): CInlineAction->runWithParams()
#4 /var/www/html/mbilling/yii/framework/web/CController.php(286): StatusSystemController->runAction()
#5 /var/www/html/mbilling/yii/framework/web/CController.php(265): StatusSystemController->runActionWithFilters()
#6 /var/www/html/mbilling/yii/framework/web/CWebApplication.php(282): StatusSystemController->run()
#7 /var/www/html/mbilling/yii/framework/web/CWebApplication.php(141): CWebApplication->runController()
#8 /var/www/html/mbilling/yii/framework/base/CApplication.php(185): CWebApplication->processRequest()
#9 /var/www/html/mbilling/index.php(11): CWebApplication->run()
REQUEST_URI=/mbilling/index.php/statusSystem/read?_dc=1658275226101&page=1&start=0&limit=25
2022/07/20 00:00:32 [error] [php] Trying to get property 'cps' of non-object (/var/www/html/mbilling/protected/controllers/StatusSystemController.php:58)
Stack trace:
#0 unknown(0): StatusSystemController->actionRead()
#1 /var/www/html/mbilling/yii/framework/web/actions/CAction.php(115): ReflectionMethod->invokeArgs()
#2 /var/www/html/mbilling/yii/framework/web/actions/CInlineAction.php(47): CInlineAction->runWithParamsInternal()
#3 /var/www/html/mbilling/yii/framework/web/CController.php(308): CInlineAction->runWithParams()
#4 /var/www/html/mbilling/yii/framework/web/CController.php(286): StatusSystemController->runAction()
#5 /var/www/html/mbilling/yii/framework/web/CController.php(265): StatusSystemController->runActionWithFilters()
#6 /var/www/html/mbilling/yii/framework/web/CWebApplication.php(282): StatusSystemController->run()
#7 /var/www/html/mbilling/yii/framework/web/CWebApplication.php(141): CWebApplication->runController()
#8 /var/www/html/mbilling/yii/framework/base/CApplication.php(185): CWebApplication->processRequest()
#9 /var/www/html/mbilling/index.php(11): CWebApplication->run()
REQUEST_URI=/mbilling/index.php/statusSystem/read?_dc=1658275232166&page=1&start=0&limit=25
2022/07/20 00:00:36 [error] [php] Trying to get property 'cps' of non-object (/var/www/html/mbilling/protected/controllers/StatusSystemController.php:58)
Stack trace:
#0 unknown(0): StatusSystemController->actionRead()
#1 /var/www/html/mbilling/yii/framework/web/actions/CAction.php(115): ReflectionMethod->invokeArgs()
#2 /var/www/html/mbilling/yii/framework/web/actions/CInlineAction.php(47): CInlineAction->runWithParamsInternal()
#3 /var/www/html/mbilling/yii/framework/web/CController.php(308): CInlineAction->runWithParams()
#4 /var/www/html/mbilling/yii/framework/web/CController.php(286): StatusSystemController->runAction()
#5 /var/www/html/mbilling/yii/framework/web/CController.php(265): StatusSystemController->runActionWithFilters()
#6 /var/www/html/mbilling/yii/framework/web/CWebApplication.php(282): StatusSystemController->run()
#7 /var/www/html/mbilling/yii/framework/web/CWebApplication.php(141): CWebApplication->runController()
#8 /var/www/html/mbilling/yii/framework/base/CApplication.php(185): CWebApplication->processRequest()
#9 /var/www/html/mbilling/index.php(11): CWebApplication->run()
REQUEST_URI=/mbilling/index.php/statusSystem/read?_dc=1658275236164&page=1&start=0&limit=25
2022/07/20 00:00:38 [error] [php] Trying to get property 'cps' of non-object (/var/www/html/mbilling/protected/controllers/StatusSystemController.php:58)
Stack trace:
#0 unknown(0): StatusSystemController->actionRead()
#1 /var/www/html/mbilling/yii/framework/web/actions/CAction.php(115): ReflectionMethod->invokeArgs()
#2 /var/www/html/mbilling/yii/framework/web/actions/CInlineAction.php(47): CInlineAction->runWithParamsInternal()
#3 /var/www/html/mbilling/yii/framework/web/CController.php(308): CInlineAction->runWithParams()
#4 /var/www/html/mbilling/yii/framework/web/CController.php(286): StatusSystemController->runAction()
#5 /var/www/html/mbilling/yii/framework/web/CController.php(265): StatusSystemController->runActionWithFilters()
#6 /var/www/html/mbilling/yii/framework/web/CWebApplication.php(282): StatusSystemController->run()
#7 /var/www/html/mbilling/yii/framework/web/CWebApplication.php(141): CWebApplication->runController()
#8 /var/www/html/mbilling/yii/framework/base/CApplication.php(185): CWebApplication->processRequest()
#9 /var/www/html/mbilling/index.php(11): CWebApplication->run()
REQUEST_URI=/mbilling/index.php/statusSystem/read?_dc=1658275238165&page=1&start=0&limit=25
2022/07/20 00:00:44 [error] [php] Trying to get property 'cps' of non-object (/var/www/html/mbilling/protected/controllers/StatusSystemController.php:58)
Stack trace:
#0 unknown(0): StatusSystemController->actionRead()
#1 /var/www/html/mbilling/yii/framework/web/actions/CAction.php(115): ReflectionMethod->invokeArgs()
#2 /var/www/html/mbilling/yii/framework/web/actions/CInlineAction.php(47): CInlineAction->runWithParamsInternal()
#3 /var/www/html/mbilling/yii/framework/web/CController.php(308): CInlineAction->runWithParams()
#4 /var/www/html/mbilling/yii/framework/web/CController.php(286): StatusSystemController->runAction()
#5 /var/www/html/mbilling/yii/framework/web/CController.php(265): StatusSystemController->runActionWithFilters()
#6 /var/www/html/mbilling/yii/framework/web/CWebApplication.php(282): StatusSystemController->run()
#7 /var/www/html/mbilling/yii/framework/web/CWebApplication.php(141): CWebApplication->runController()
#8 /var/www/html/mbilling/yii/framework/base/CApplication.php(185): CWebApplication->processRequest()
#9 /var/www/html/mbilling/index.php(11): CWebApplication->run()
REQUEST_URI=/mbilling/index.php/statusSystem/read?_dc=1658275244676&page=1&start=0&limit=25
2022/07/20 00:00:45 [error] [php] Trying to get property 'cps' of non-object (/var/www/html/mbilling/protected/controllers/StatusSystemController.php:58)
Stack trace:
#0 unknown(0): StatusSystemController->actionRead()
#1 /var/www/html/mbilling/yii/framework/web/actions/CAction.php(115): ReflectionMethod->invokeArgs()
#2 /var/www/html/mbilling/yii/framework/web/actions/CInlineAction.php(47): CInlineAction->runWithParamsInternal()
#3 /var/www/html/mbilling/yii/framework/web/CController.php(308): CInlineAction->runWithParams()
#4 /var/www/html/mbilling/yii/framework/web/CController.php(286): StatusSystemController->runAction()
#5 /var/www/html/mbilling/yii/framework/web/CController.php(265): StatusSystemController->runActionWithFilters()
#6 /var/www/html/mbilling/yii/framework/web/CWebApplication.php(282): StatusSystemController->run()
#7 /var/www/html/mbilling/yii/framework/web/CWebApplication.php(141): CWebApplication->runController()
#8 /var/www/html/mbilling/yii/framework/base/CApplication.php(185): CWebApplication->processRequest()
#9 /var/www/html/mbilling/index.php(11): CWebApplication->run()
REQUEST_URI=/mbilling/index.php/statusSystem/read?_dc=1658275245780&page=1&start=0&limit=25
2022/07/20 00:00:50 [error] [php] Trying to get property 'cps' of non-object (/var/www/html/mbilling/protected/controllers/StatusSystemController.php:58)
Stack trace:
#0 unknown(0): StatusSystemController->actionRead()
#1 /var/www/html/mbilling/yii/framework/web/actions/CAction.php(115): ReflectionMethod->invokeArgs()
#2 /var/www/html/mbilling/yii/framework/web/actions/CInlineAction.php(47): CInlineAction->runWithParamsInternal()
#3 /var/www/html/mbilling/yii/framework/web/CController.php(308): CInlineAction->runWithParams()
#4 /var/www/html/mbilling/yii/framework/web/CController.php(286): StatusSystemController->runAction()
#5 /var/www/html/mbilling/yii/framework/web/CController.php(265): StatusSystemController->runActionWithFilters()
#6 /var/www/html/mbilling/yii/framework/web/CWebApplication.php(282): StatusSystemController->run()
#7 /var/www/html/mbilling/yii/framework/web/CWebApplication.php(141): CWebApplication->runController()
#8 /var/www/html/mbilling/yii/framework/base/CApplication.php(185): CWebApplication->processRequest()
#9 /var/www/html/mbilling/index.php(11): CWebApplication->run()
REQUEST_URI=/mbilling/index.php/statusSystem/read?_dc=1658275250100&page=1&start=0&limit=25
2022/07/20 00:00:55 [error] [php] Trying to get property 'cps' of non-object (/var/www/html/mbilling/protected/controllers/StatusSystemController.php:58)
Stack trace:
#0 unknown(0): StatusSystemController->actionRead()
#1 /var/www/html/mbilling/yii/framework/web/actions/CAction.php(115): ReflectionMethod->invokeArgs()
#2 /var/www/html/mbilling/yii/framework/web/actions/CInlineAction.php(47): CInlineAction->runWithParamsInternal()
#3 /var/www/html/mbilling/yii/framework/web/CController.php(308): CInlineAction->runWithParams()
#4 /var/www/html/mbilling/yii/framework/web/CController.php(286): StatusSystemController->runAction()
#5 /var/www/html/mbilling/yii/framework/web/CController.php(265): StatusSystemController->runActionWithFilters()
#6 /var/www/html/mbilling/yii/framework/web/CWebApplication.php(282): StatusSystemController->run()
#7 /var/www/html/mbilling/yii/framework/web/CWebApplication.php(141): CWebApplication->runController()
#8 /var/www/html/mbilling/yii/framework/base/CApplication.php(185): CWebApplication->processRequest()
#9 /var/www/html/mbilling/index.php(11): CWebApplication->run()
REQUEST_URI=/mbilling/index.php/statusSystem/read?_dc=1658275255167&page=1&start=0&limit=25
2022/07/20 00:01:02 [error] [php] Trying to get property 'cps' of non-object (/var/www/html/mbilling/protected/controllers/StatusSystemController.php:58)
Stack trace:
#0 unknown(0): StatusSystemController->actionRead()
#1 /var/www/html/mbilling/yii/framework/web/actions/CAction.php(115): ReflectionMethod->invokeArgs()
#2 /var/www/html/mbilling/yii/framework/web/actions/CInlineAction.php(47): CInlineAction->runWithParamsInternal()
#3 /var/www/html/mbilling/yii/framework/web/CController.php(308): CInlineAction->runWithParams()
#4 /var/www/html/mbilling/yii/framework/web/CController.php(286): StatusSystemController->runAction()
#5 /var/www/html/mbilling/yii/framework/web/CController.php(265): StatusSystemController->runActionWithFilters()
#6 /var/www/html/mbilling/yii/framework/web/CWebApplication.php(282): StatusSystemController->run()
#7 /var/www/html/mbilling/yii/framework/web/CWebApplication.php(141): CWebApplication->runController()
#8 /var/www/html/mbilling/yii/framework/base/CApplication.php(185): CWebApplication->processRequest()
#9 /var/www/html/mbilling/index.php(11): CWebApplication->run()
REQUEST_URI=/mbilling/index.php/statusSystem/read?_dc=1658275262331&page=1&start=0&limit=25
2022/07/20 00:01:08 [error] [php] Trying to get property 'cps' of non-object (/var/www/html/mbilling/protected/controllers/StatusSystemController.php:58)
Stack trace:
#0 unknown(0): StatusSystemController->actionRead()
#1 /var/www/html/mbilling/yii/framework/web/actions/CAction.php(115): ReflectionMethod->invokeArgs()
#2 /var/www/html/mbilling/yii/framework/web/actions/CInlineAction.php(47): CInlineAction->runWithParamsInternal()
#3 /var/www/html/mbilling/yii/framework/web/CController.php(308): CInlineAction->runWithParams()
#4 /var/www/html/mbilling/yii/framework/web/CController.php(286): StatusSystemController->runAction()
#5 /var/www/html/mbilling/yii/framework/web/CController.php(265): StatusSystemController->runActionWithFilters()
#6 /var/www/html/mbilling/yii/framework/web/CWebApplication.php(282): StatusSystemController->run()
#7 /var/www/html/mbilling/yii/framework/web/CWebApplication.php(141): CWebApplication->runController()
#8 /var/www/html/mbilling/yii/framework/base/CApplication.php(185): CWebApplication->processRequest()
#9 /var/www/html/mbilling/index.php(11): CWebApplication->run()
REQUEST_URI=/mbilling/index.php/statusSystem/read?_dc=1658275268663&page=1&start=0&limit=25
2022/07/21 00:40:36 [error] [php] Trying to get property 'cps' of non-object (/var/www/html/mbilling/protected/controllers/StatusSystemController.php:58)
Stack trace:
#0 unknown(0): StatusSystemController->actionRead()
#1 /var/www/html/mbilling/yii/framework/web/actions/CAction.php(115): ReflectionMethod->invokeArgs()
#2 /var/www/html/mbilling/yii/framework/web/actions/CInlineAction.php(47): CInlineAction->runWithParamsInternal()
#3 /var/www/html/mbilling/yii/framework/web/CController.php(308): CInlineAction->runWithParams()
#4 /var/www/html/mbilling/yii/framework/web/CController.php(286): StatusSystemController->runAction()
#5 /var/www/html/mbilling/yii/framework/web/CController.php(265): StatusSystemController->runActionWithFilters()
#6 /var/www/html/mbilling/yii/framework/web/CWebApplication.php(282): StatusSystemController->run()
#7 /var/www/html/mbilling/yii/framework/web/CWebApplication.php(141): CWebApplication->runController()
#8 /var/www/html/mbilling/yii/framework/base/CApplication.php(185): CWebApplication->processRequest()
#9 /var/www/html/mbilling/index.php(11): CWebApplication->run()
REQUEST_URI=/mbilling/index.php/statusSystem/read?_dc=1658364036541&page=1&start=0&limit=25
2022/07/21 00:40:36 [error] [php] Trying to get property 'cps' of non-object (/var/www/html/mbilling/protected/controllers/StatusSystemController.php:58)
Stack trace:
#0 unknown(0): StatusSystemController->actionRead()
#1 /var/www/html/mbilling/yii/framework/web/actions/CAction.php(115): ReflectionMethod->invokeArgs()
#2 /var/www/html/mbilling/yii/framework/web/actions/CInlineAction.php(47): CInlineAction->runWithParamsInternal()
#3 /var/www/html/mbilling/yii/framework/web/CController.php(308): CInlineAction->runWithParams()
#4 /var/www/html/mbilling/yii/framework/web/CController.php(286): StatusSystemController->runAction()
#5 /var/www/html/mbilling/yii/framework/web/CController.php(265): StatusSystemController->runActionWithFilters()
#6 /var/www/html/mbilling/yii/framework/web/CWebApplication.php(282): StatusSystemController->run()
#7 /var/www/html/mbilling/yii/framework/web/CWebApplication.php(141): CWebApplication->runController()
#8 /var/www/html/mbilling/yii/framework/base/CApplication.php(185): CWebApplication->processRequest()
#9 /var/www/html/mbilling/index.php(11): CWebApplication->run()
REQUEST_URI=/mbilling/index.php/statusSystem/read?_dc=1658364036528&page=1&start=0&limit=25
2022/07/21 00:40:41 [error] [php] Trying to get property 'cps' of non-object (/var/www/html/mbilling/protected/controllers/StatusSystemController.php:58)
Stack trace:
#0 unknown(0): StatusSystemController->actionRead()
#1 /var/www/html/mbilling/yii/framework/web/actions/CAction.php(115): ReflectionMethod->invokeArgs()
#2 /var/www/html/mbilling/yii/framework/web/actions/CInlineAction.php(47): CInlineAction->runWithParamsInternal()
#3 /var/www/html/mbilling/yii/framework/web/CController.php(308): CInlineAction->runWithParams()
#4 /var/www/html/mbilling/yii/framework/web/CController.php(286): StatusSystemController->runAction()
#5 /var/www/html/mbilling/yii/framework/web/CController.php(265): StatusSystemController->runActionWithFilters()
#6 /var/www/html/mbilling/yii/framework/web/CWebApplication.php(282): StatusSystemController->run()
#7 /var/www/html/mbilling/yii/framework/web/CWebApplication.php(141): CWebApplication->runController()
#8 /var/www/html/mbilling/yii/framework/base/CApplication.php(185): CWebApplication->processRequest()
#9 /var/www/html/mbilling/index.php(11): CWebApplication->run()
REQUEST_URI=/mbilling/index.php/statusSystem/read?_dc=1658364041747&page=1&start=0&limit=25
2022/07/21 00:40:46 [error] [php] Trying to get property 'cps' of non-object (/var/www/html/mbilling/protected/controllers/StatusSystemController.php:58)
Stack trace:
#0 unknown(0): StatusSystemController->actionRead()
#1 /var/www/html/mbilling/yii/framework/web/actions/CAction.php(115): ReflectionMethod->invokeArgs()
#2 /var/www/html/mbilling/yii/framework/web/actions/CInlineAction.php(47): CInlineAction->runWithParamsInternal()
#3 /var/www/html/mbilling/yii/framework/web/CController.php(308): CInlineAction->runWithParams()
#4 /var/www/html/mbilling/yii/framework/web/CController.php(286): StatusSystemController->runAction()
#5 /var/www/html/mbilling/yii/framework/web/CController.php(265): StatusSystemController->runActionWithFilters()
#6 /var/www/html/mbilling/yii/framework/web/CWebApplication.php(282): StatusSystemController->run()
#7 /var/www/html/mbilling/yii/framework/web/CWebApplication.php(141): CWebApplication->runController()
#8 /var/www/html/mbilling/yii/framework/base/CApplication.php(185): CWebApplication->processRequest()
#9 /var/www/html/mbilling/index.php(11): CWebApplication->run()
REQUEST_URI=/mbilling/index.php/statusSystem/read?_dc=1658364046819&page=1&start=0&limit=25
2022/07/21 00:40:46 [error] [php] Trying to get property 'cps' of non-object (/var/www/html/mbilling/protected/controllers/StatusSystemController.php:58)
Stack trace:
#0 unknown(0): StatusSystemController->actionRead()
#1 /var/www/html/mbilling/yii/framework/web/actions/CAction.php(115): ReflectionMethod->invokeArgs()
#2 /var/www/html/mbilling/yii/framework/web/actions/CInlineAction.php(47): CInlineAction->runWithParamsInternal()
#3 /var/www/html/mbilling/yii/framework/web/CController.php(308): CInlineAction->runWithParams()
#4 /var/www/html/mbilling/yii/framework/web/CController.php(286): StatusSystemController->runAction()
#5 /var/www/html/mbilling/yii/framework/web/CController.php(265): StatusSystemController->runActionWithFilters()
#6 /var/www/html/mbilling/yii/framework/web/CWebApplication.php(282): StatusSystemController->run()
#7 /var/www/html/mbilling/yii/framework/web/CWebApplication.php(141): CWebApplication->runController()
#8 /var/www/html/mbilling/yii/framework/base/CApplication.php(185): CWebApplication->processRequest()
#9 /var/www/html/mbilling/index.php(11): CWebApplication->run()
REQUEST_URI=/mbilling/index.php/statusSystem/read?_dc=1658364046818&page=1&start=0&limit=25
2022/07/21 00:40:52 [error] [php] Trying to get property 'cps' of non-object (/var/www/html/mbilling/protected/controllers/StatusSystemController.php:58)
Stack trace:
#0 unknown(0): StatusSystemController->actionRead()
#1 /var/www/html/mbilling/yii/framework/web/actions/CAction.php(115): ReflectionMethod->invokeArgs()
#2 /var/www/html/mbilling/yii/framework/web/actions/CInlineAction.php(47): CInlineAction->runWithParamsInternal()
#3 /var/www/html/mbilling/yii/framework/web/CController.php(308): CInlineAction->runWithParams()
#4 /var/www/html/mbilling/yii/framework/web/CController.php(286): StatusSystemController->runAction()
#5 /var/www/html/mbilling/yii/framework/web/CController.php(265): StatusSystemController->runActionWithFilters()
#6 /var/www/html/mbilling/yii/framework/web/CWebApplication.php(282): StatusSystemController->run()
#7 /var/www/html/mbilling/yii/framework/web/CWebApplication.php(141): CWebApplication->runController()
#8 /var/www/html/mbilling/yii/framework/base/CApplication.php(185): CWebApplication->processRequest()
#9 /var/www/html/mbilling/index.php(11): CWebApplication->run()
REQUEST_URI=/mbilling/index.php/statusSystem/read?_dc=1658364052881&page=1&start=0&limit=25
2022/07/21 00:40:57 [error] [php] Trying to get property 'cps' of non-object (/var/www/html/mbilling/protected/controllers/StatusSystemController.php:58)
Stack trace:
#0 unknown(0): StatusSystemController->actionRead()
#1 /var/www/html/mbilling/yii/framework/web/actions/CAction.php(115): ReflectionMethod->invokeArgs()
#2 /var/www/html/mbilling/yii/framework/web/actions/CInlineAction.php(47): CInlineAction->runWithParamsInternal()
#3 /var/www/html/mbilling/yii/framework/web/CController.php(308): CInlineAction->runWithParams()
#4 /var/www/html/mbilling/yii/framework/web/CController.php(286): StatusSystemController->runAction()
#5 /var/www/html/mbilling/yii/framework/web/CController.php(265): StatusSystemController->runActionWithFilters()
#6 /var/www/html/mbilling/yii/framework/web/CWebApplication.php(282): StatusSystemController->run()
#7 /var/www/html/mbilling/yii/framework/web/CWebApplication.php(141): CWebApplication->runController()
#8 /var/www/html/mbilling/yii/framework/base/CApplication.php(185): CWebApplication->processRequest()
#9 /var/www/html/mbilling/index.php(11): CWebApplication->run()
REQUEST_URI=/mbilling/index.php/statusSystem/read?_dc=1658364057538&page=1&start=0&limit=25
2022/07/21 00:40:59 [error] [php] Trying to get property 'cps' of non-object (/var/www/html/mbilling/protected/controllers/StatusSystemController.php:58)
Stack trace:
#0 unknown(0): StatusSystemController->actionRead()
#1 /var/www/html/mbilling/yii/framework/web/actions/CAction.php(115): ReflectionMethod->invokeArgs()
#2 /var/www/html/mbilling/yii/framework/web/actions/CInlineAction.php(47): CInlineAction->runWithParamsInternal()
#3 /var/www/html/mbilling/yii/framework/web/CController.php(308): CInlineAction->runWithParams()
#4 /var/www/html/mbilling/yii/framework/web/CController.php(286): StatusSystemController->runAction()
#5 /var/www/html/mbilling/yii/framework/web/CController.php(265): StatusSystemController->runActionWithFilters()
#6 /var/www/html/mbilling/yii/framework/web/CWebApplication.php(282): StatusSystemController->run()
#7 /var/www/html/mbilling/yii/framework/web/CWebApplication.php(141): CWebApplication->runController()
#8 /var/www/html/mbilling/yii/framework/base/CApplication.php(185): CWebApplication->processRequest()
#9 /var/www/html/mbilling/index.php(11): CWebApplication->run()
REQUEST_URI=/mbilling/index.php/statusSystem/read?_dc=1658364059217&page=1&start=0&limit=25
2022/07/21 00:41:04 [error] [php] Trying to get property 'cps' of non-object (/var/www/html/mbilling/protected/controllers/StatusSystemController.php:58)
Stack trace:
#0 unknown(0): StatusSystemController->actionRead()
#1 /var/www/html/mbilling/yii/framework/web/actions/CAction.php(115): ReflectionMethod->invokeArgs()
#2 /var/www/html/mbilling/yii/framework/web/actions/CInlineAction.php(47): CInlineAction->runWithParamsInternal()
#3 /var/www/html/mbilling/yii/framework/web/CController.php(308): CInlineAction->runWithParams()
#4 /var/www/html/mbilling/yii/framework/web/CController.php(286): StatusSystemController->runAction()
#5 /var/www/html/mbilling/yii/framework/web/CController.php(265): StatusSystemController->runActionWithFilters()
#6 /var/www/html/mbilling/yii/framework/web/CWebApplication.php(282): StatusSystemController->run()
#7 /var/www/html/mbilling/yii/framework/web/CWebApplication.php(141): CWebApplication->runController()
#8 /var/www/html/mbilling/yii/framework/base/CApplication.php(185): CWebApplication->processRequest()
#9 /var/www/html/mbilling/index.php(11): CWebApplication->run()
REQUEST_URI=/mbilling/index.php/statusSystem/read?_dc=1658364064742&page=1&start=0&limit=25
2022/07/21 00:41:06 [error] [php] Trying to get property 'cps' of non-object (/var/www/html/mbilling/protected/controllers/StatusSystemController.php:58)
Stack trace:
#0 unknown(0): StatusSystemController->actionRead()
#1 /var/www/html/mbilling/yii/framework/web/actions/CAction.php(115): ReflectionMethod->invokeArgs()
#2 /var/www/html/mbilling/yii/framework/web/actions/CInlineAction.php(47): CInlineAction->runWithParamsInternal()
#3 /var/www/html/mbilling/yii/framework/web/CController.php(308): CInlineAction->runWithParams()
#4 /var/www/html/mbilling/yii/framework/web/CController.php(286): StatusSystemController->runAction()
#5 /var/www/html/mbilling/yii/framework/web/CController.php(265): StatusSystemController->runActionWithFilters()
#6 /var/www/html/mbilling/yii/framework/web/CWebApplication.php(282): StatusSystemController->run()
#7 /var/www/html/mbilling/yii/framework/web/CWebApplication.php(141): CWebApplication->runController()
#8 /var/www/html/mbilling/yii/framework/base/CApplication.php(185): CWebApplication->processRequest()
#9 /var/www/html/mbilling/index.php(11): CWebApplication->run()
REQUEST_URI=/mbilling/index.php/statusSystem/read?_dc=1658364066743&page=1&start=0&limit=25
2022/07/21 00:41:11 [error] [php] Trying to get property 'cps' of non-object (/var/www/html/mbilling/protected/controllers/StatusSystemController.php:58)
Stack trace:
#0 unknown(0): StatusSystemController->actionRead()
#1 /var/www/html/mbilling/yii/framework/web/actions/CAction.php(115): ReflectionMethod->invokeArgs()
#2 /var/www/html/mbilling/yii/framework/web/actions/CInlineAction.php(47): CInlineAction->runWithParamsInternal()
#3 /var/www/html/mbilling/yii/framework/web/CController.php(308): CInlineAction->runWithParams()
#4 /var/www/html/mbilling/yii/framework/web/CController.php(286): StatusSystemController->runAction()
#5 /var/www/html/mbilling/yii/framework/web/CController.php(265): StatusSystemController->runActionWithFilters()
#6 /var/www/html/mbilling/yii/framework/web/CWebApplication.php(282): StatusSystemController->run()
#7 /var/www/html/mbilling/yii/framework/web/CWebApplication.php(141): CWebApplication->runController()
#8 /var/www/html/mbilling/yii/framework/base/CApplication.php(185): CWebApplication->processRequest()
#9 /var/www/html/mbilling/index.php(11): CWebApplication->run()
REQUEST_URI=/mbilling/index.php/statusSystem/read?_dc=1658364071133&page=1&start=0&limit=25
2022/08/05 13:38:22 [error] [exception.Error] Error: Class 'Configuration' not found in /var/www/html/mbilling/protected/components/LoadConfig.php:24
Stack trace:
#0 /var/www/html/mbilling/protected/components/BaseController.php(85): Loadconfig::getConfig()
#1 /var/www/html/mbilling/protected/controllers/CallSummaryDayTrunkController.php(38): BaseController->init()
#2 /var/www/html/mbilling/yii/framework/web/CWebApplication.php(281): CallSummaryDayTrunkController->init()
#3 /var/www/html/mbilling/yii/framework/web/CWebApplication.php(141): CWebApplication->runController('callSummaryDayT...')
#4 /var/www/html/mbilling/yii/framework/base/CApplication.php(185): CWebApplication->processRequest()
#5 /var/www/html/mbilling/index.php(11): CApplication->run()
#6 {main}
REQUEST_URI=/mbilling/index.php/callSummaryDayTrunk/chart?_dc=1659706702671&page=1&start=0&limit=25
HTTP_REFERER=http://178.33.11.219/mbilling/
---
2022/08/05 13:38:40 [error] [exception.Error] Error: Class 'SqlInject' not found in /var/www/html/mbilling/protected/components/BaseController.php:84
Stack trace:
#0 /var/www/html/mbilling/protected/controllers/StatusSystemController.php(27): BaseController->init()
#1 /var/www/html/mbilling/yii/framework/web/CWebApplication.php(281): StatusSystemController->init()
#2 /var/www/html/mbilling/yii/framework/web/CWebApplication.php(141): CWebApplication->runController('statusSystem/re...')
#3 /var/www/html/mbilling/yii/framework/base/CApplication.php(185): CWebApplication->processRequest()
#4 /var/www/html/mbilling/index.php(11): CApplication->run()
#5 {main}
REQUEST_URI=/mbilling/index.php/statusSystem/read?_dc=1659706720103&page=1&start=0&limit=25
HTTP_REFERER=http://178.33.11.219/mbilling/
---
2022/08/05 18:03:20 [error] [exception.CDbException] SQLSTATE[HY000] [2002] Connection refused
2022/08/05 18:03:20 [error] [exception.CDbException] CDbException: CDbConnection failed to open the DB connection. in /var/www/html/mbilling/yii/framework/db/CDbConnection.php:405
Stack trace:
#0 /var/www/html/mbilling/yii/framework/db/CDbConnection.php(347): CDbConnection->open()
#1 /var/www/html/mbilling/yii/framework/db/CDbConnection.php(325): CDbConnection->setActive(true)
#2 /var/www/html/mbilling/yii/framework/base/CModule.php(394): CDbConnection->init()
#3 /var/www/html/mbilling/yii/framework/base/CApplication.php(459): CModule->getComponent('db')
#4 /var/www/html/mbilling/yii/framework/db/ar/CActiveRecord.php(639): CApplication->getDb()
#5 /var/www/html/mbilling/yii/framework/db/ar/CActiveRecord.php(2389): CActiveRecord->getDbConnection()
#6 /var/www/html/mbilling/yii/framework/db/ar/CActiveRecord.php(413): CActiveRecordMetaData->__construct(Object(StatusSystem))
#7 /var/www/html/mbilling/yii/framework/db/ar/CActiveRecord.php(79): CActiveRecord->getMetaData()
#8 /var/www/html/mbilling/protected/controllers/StatusSystemController.php(24): CActiveRecord->__construct()
#9 /var/www/html/mbilling/yii/framework/web/CWebApplication.php(281): StatusSystemController->init()
#10 /var/www/html/mbilling/yii/framework/web/CWebApplication.php(141): CWebApplication->runController('statusSystem/re...')
#11 /var/www/html/mbilling/yii/framework/base/CApplication.php(185): CWebApplication->processRequest()
#12 /var/www/html/mbilling/index.php(11): CApplication->run()
#13 {main}
REQUEST_URI=/mbilling/index.php/statusSystem/read?_dc=1659722600572&page=1&start=0&limit=25
HTTP_REFERER=http://178.33.11.219/mbilling/
---
2022/08/05 18:03:20 [error] [exception.CDbException] SQLSTATE[HY000] [2002] Connection refused
2022/08/05 18:03:20 [error] [exception.CDbException] CDbException: CDbConnection failed to open the DB connection. in /var/www/html/mbilling/yii/framework/db/CDbConnection.php:405
Stack trace:
#0 /var/www/html/mbilling/yii/framework/db/CDbConnection.php(347): CDbConnection->open()
#1 /var/www/html/mbilling/yii/framework/db/CDbConnection.php(325): CDbConnection->setActive(true)
#2 /var/www/html/mbilling/yii/framework/base/CModule.php(394): CDbConnection->init()
#3 /var/www/html/mbilling/yii/framework/base/CApplication.php(459): CModule->getComponent('db')
#4 /var/www/html/mbilling/yii/framework/db/ar/CActiveRecord.php(639): CApplication->getDb()
#5 /var/www/html/mbilling/yii/framework/db/ar/CActiveRecord.php(2389): CActiveRecord->getDbConnection()
#6 /var/www/html/mbilling/yii/framework/db/ar/CActiveRecord.php(413): CActiveRecordMetaData->__construct(Object(StatusSystem))
#7 /var/www/html/mbilling/yii/framework/db/ar/CActiveRecord.php(79): CActiveRecord->getMetaData()
#8 /var/www/html/mbilling/protected/controllers/StatusSystemController.php(24): CActiveRecord->__construct()
#9 /var/www/html/mbilling/yii/framework/web/CWebApplication.php(281): StatusSystemController->init()
#10 /var/www/html/mbilling/yii/framework/web/CWebApplication.php(141): CWebApplication->runController('statusSystem/re...')
#11 /var/www/html/mbilling/yii/framework/base/CApplication.php(185): CWebApplication->processRequest()
#12 /var/www/html/mbilling/index.php(11): CApplication->run()
#13 {main}
REQUEST_URI=/mbilling/index.php/statusSystem/read?_dc=1659722600573&page=1&start=0&limit=25
HTTP_REFERER=http://178.33.11.219/mbilling/
---
2022/08/07 20:43:52 [error] [application] Username and password combination is invalid - User: root IP: 105.158.120.73
2022/08/07 20:43:58 [error] [application] Username and password combination is invalid - User: root IP: 105.158.120.73
2022/08/22 00:00:02 [error] [php] Trying to get property of non-object (/var/www/html/mbilling/protected/controllers/StatusSystemController.php:58)
Stack trace:
#0 unknown(0): StatusSystemController->actionRead()
#1 /var/www/html/mbilling/yii/framework/web/actions/CAction.php(115): ReflectionMethod->invokeArgs()
#2 /var/www/html/mbilling/yii/framework/web/actions/CInlineAction.php(47): CInlineAction->runWithParamsInternal()
#3 /var/www/html/mbilling/yii/framework/web/CController.php(308): CInlineAction->runWithParams()
#4 /var/www/html/mbilling/yii/framework/web/CController.php(286): StatusSystemController->runAction()
#5 /var/www/html/mbilling/yii/framework/web/CController.php(265): StatusSystemController->runActionWithFilters()
#6 /var/www/html/mbilling/yii/framework/web/CWebApplication.php(282): StatusSystemController->run()
#7 /var/www/html/mbilling/yii/framework/web/CWebApplication.php(141): CWebApplication->runController()
#8 /var/www/html/mbilling/yii/framework/base/CApplication.php(185): CWebApplication->processRequest()
#9 /var/www/html/mbilling/index.php(11): CWebApplication->run()
REQUEST_URI=/mbilling/index.php/statusSystem/read?_dc=1661126402658&page=1&start=0&limit=25
2022/08/22 00:00:03 [error] [php] Trying to get property of non-object (/var/www/html/mbilling/protected/controllers/StatusSystemController.php:58)
Stack trace:
#0 unknown(0): StatusSystemController->actionRead()
#1 /var/www/html/mbilling/yii/framework/web/actions/CAction.php(115): ReflectionMethod->invokeArgs()
#2 /var/www/html/mbilling/yii/framework/web/actions/CInlineAction.php(47): CInlineAction->runWithParamsInternal()
#3 /var/www/html/mbilling/yii/framework/web/CController.php(308): CInlineAction->runWithParams()
#4 /var/www/html/mbilling/yii/framework/web/CController.php(286): StatusSystemController->runAction()
#5 /var/www/html/mbilling/yii/framework/web/CController.php(265): StatusSystemController->runActionWithFilters()
#6 /var/www/html/mbilling/yii/framework/web/CWebApplication.php(282): StatusSystemController->run()
#7 /var/www/html/mbilling/yii/framework/web/CWebApplication.php(141): CWebApplication->runController()
#8 /var/www/html/mbilling/yii/framework/base/CApplication.php(185): CWebApplication->processRequest()
#9 /var/www/html/mbilling/index.php(11): CWebApplication->run()
REQUEST_URI=/mbilling/index.php/statusSystem/read?_dc=1661126403667&page=1&start=0&limit=25
2022/08/22 00:00:09 [error] [php] Trying to get property of non-object (/var/www/html/mbilling/protected/controllers/StatusSystemController.php:58)
Stack trace:
#0 unknown(0): StatusSystemController->actionRead()
#1 /var/www/html/mbilling/yii/framework/web/actions/CAction.php(115): ReflectionMethod->invokeArgs()
#2 /var/www/html/mbilling/yii/framework/web/actions/CInlineAction.php(47): CInlineAction->runWithParamsInternal()
#3 /var/www/html/mbilling/yii/framework/web/CController.php(308): CInlineAction->runWithParams()
#4 /var/www/html/mbilling/yii/framework/web/CController.php(286): StatusSystemController->runAction()
#5 /var/www/html/mbilling/yii/framework/web/CController.php(265): StatusSystemController->runActionWithFilters()
#6 /var/www/html/mbilling/yii/framework/web/CWebApplication.php(282): StatusSystemController->run()
#7 /var/www/html/mbilling/yii/framework/web/CWebApplication.php(141): CWebApplication->runController()
#8 /var/www/html/mbilling/yii/framework/base/CApplication.php(185): CWebApplication->processRequest()
#9 /var/www/html/mbilling/index.php(11): CWebApplication->run()
REQUEST_URI=/mbilling/index.php/statusSystem/read?_dc=1661126409769&page=1&start=0&limit=25
2022/08/22 00:00:12 [error] [php] Trying to get property of non-object (/var/www/html/mbilling/protected/controllers/StatusSystemController.php:58)
Stack trace:
#0 unknown(0): StatusSystemController->actionRead()
#1 /var/www/html/mbilling/yii/framework/web/actions/CAction.php(115): ReflectionMethod->invokeArgs()
#2 /var/www/html/mbilling/yii/framework/web/actions/CInlineAction.php(47): CInlineAction->runWithParamsInternal()
#3 /var/www/html/mbilling/yii/framework/web/CController.php(308): CInlineAction->runWithParams()
#4 /var/www/html/mbilling/yii/framework/web/CController.php(286): StatusSystemController->runAction()
#5 /var/www/html/mbilling/yii/framework/web/CController.php(265): StatusSystemController->runActionWithFilters()
#6 /var/www/html/mbilling/yii/framework/web/CWebApplication.php(282): StatusSystemController->run()
#7 /var/www/html/mbilling/yii/framework/web/CWebApplication.php(141): CWebApplication->runController()
#8 /var/www/html/mbilling/yii/framework/base/CApplication.php(185): CWebApplication->processRequest()
#9 /var/www/html/mbilling/index.php(11): CWebApplication->run()
REQUEST_URI=/mbilling/index.php/statusSystem/read?_dc=1661126412781&page=1&start=0&limit=25
2022/08/22 00:00:16 [error] [php] Trying to get property of non-object (/var/www/html/mbilling/protected/controllers/StatusSystemController.php:58)
Stack trace:
#0 unknown(0): StatusSystemController->actionRead()
#1 /var/www/html/mbilling/yii/framework/web/actions/CAction.php(115): ReflectionMethod->invokeArgs()
#2 /var/www/html/mbilling/yii/framework/web/actions/CInlineAction.php(47): CInlineAction->runWithParamsInternal()
#3 /var/www/html/mbilling/yii/framework/web/CController.php(308): CInlineAction->runWithParams()
#4 /var/www/html/mbilling/yii/framework/web/CController.php(286): StatusSystemController->runAction()
#5 /var/www/html/mbilling/yii/framework/web/CController.php(265): StatusSystemController->runActionWithFilters()
#6 /var/www/html/mbilling/yii/framework/web/CWebApplication.php(282): StatusSystemController->run()
#7 /var/www/html/mbilling/yii/framework/web/CWebApplication.php(141): CWebApplication->runController()
#8 /var/www/html/mbilling/yii/framework/base/CApplication.php(185): CWebApplication->processRequest()
#9 /var/www/html/mbilling/index.php(11): CWebApplication->run()
REQUEST_URI=/mbilling/index.php/statusSystem/read?_dc=1661126415877&page=1&start=0&limit=25
2022/08/22 00:00:22 [error] [php] Trying to get property of non-object (/var/www/html/mbilling/protected/controllers/StatusSystemController.php:58)
Stack trace:
#0 unknown(0): StatusSystemController->actionRead()
#1 /var/www/html/mbilling/yii/framework/web/actions/CAction.php(115): ReflectionMethod->invokeArgs()
#2 /var/www/html/mbilling/yii/framework/web/actions/CInlineAction.php(47): CInlineAction->runWithParamsInternal()
#3 /var/www/html/mbilling/yii/framework/web/CController.php(308): CInlineAction->runWithParams()
#4 /var/www/html/mbilling/yii/framework/web/CController.php(286): StatusSystemController->runAction()
#5 /var/www/html/mbilling/yii/framework/web/CController.php(265): StatusSystemController->runActionWithFilters()
#6 /var/www/html/mbilling/yii/framework/web/CWebApplication.php(282): StatusSystemController->run()
#7 /var/www/html/mbilling/yii/framework/web/CWebApplication.php(141): CWebApplication->runController()
#8 /var/www/html/mbilling/yii/framework/base/CApplication.php(185): CWebApplication->processRequest()
#9 /var/www/html/mbilling/index.php(11): CWebApplication->run()
REQUEST_URI=/mbilling/index.php/statusSystem/read?_dc=1661126421984&page=1&start=0&limit=25
2022/08/22 00:00:23 [error] [php] Trying to get property of non-object (/var/www/html/mbilling/protected/controllers/StatusSystemController.php:58)
Stack trace:
#0 unknown(0): StatusSystemController->actionRead()
#1 /var/www/html/mbilling/yii/framework/web/actions/CAction.php(115): ReflectionMethod->invokeArgs()
#2 /var/www/html/mbilling/yii/framework/web/actions/CInlineAction.php(47): CInlineAction->runWithParamsInternal()
#3 /var/www/html/mbilling/yii/framework/web/CController.php(308): CInlineAction->runWithParams()
#4 /var/www/html/mbilling/yii/framework/web/CController.php(286): StatusSystemController->runAction()
#5 /var/www/html/mbilling/yii/framework/web/CController.php(265): StatusSystemController->runActionWithFilters()
#6 /var/www/html/mbilling/yii/framework/web/CWebApplication.php(282): StatusSystemController->run()
#7 /var/www/html/mbilling/yii/framework/web/CWebApplication.php(141): CWebApplication->runController()
#8 /var/www/html/mbilling/yii/framework/base/CApplication.php(185): CWebApplication->processRequest()
#9 /var/www/html/mbilling/index.php(11): CWebApplication->run()
REQUEST_URI=/mbilling/index.php/statusSystem/read?_dc=1661126422992&page=1&start=0&limit=25
2022/08/22 00:00:28 [error] [php] Trying to get property of non-object (/var/www/html/mbilling/protected/controllers/StatusSystemController.php:58)
Stack trace:
#0 unknown(0): StatusSystemController->actionRead()
#1 /var/www/html/mbilling/yii/framework/web/actions/CAction.php(115): ReflectionMethod->invokeArgs()
#2 /var/www/html/mbilling/yii/framework/web/actions/CInlineAction.php(47): CInlineAction->runWithParamsInternal()
#3 /var/www/html/mbilling/yii/framework/web/CController.php(308): CInlineAction->runWithParams()
#4 /var/www/html/mbilling/yii/framework/web/CController.php(286): StatusSystemController->runAction()
#5 /var/www/html/mbilling/yii/framework/web/CController.php(265): StatusSystemController->runActionWithFilters()
#6 /var/www/html/mbilling/yii/framework/web/CWebApplication.php(282): StatusSystemController->run()
#7 /var/www/html/mbilling/yii/framework/web/CWebApplication.php(141): CWebApplication->runController()
#8 /var/www/html/mbilling/yii/framework/base/CApplication.php(185): CWebApplication->processRequest()
#9 /var/www/html/mbilling/index.php(11): CWebApplication->run()
REQUEST_URI=/mbilling/index.php/statusSystem/read?_dc=1661126428093&page=1&start=0&limit=25
2022/08/22 00:00:33 [error] [php] Trying to get property of non-object (/var/www/html/mbilling/protected/controllers/StatusSystemController.php:58)
Stack trace:
#0 unknown(0): StatusSystemController->actionRead()
#1 /var/www/html/mbilling/yii/framework/web/actions/CAction.php(115): ReflectionMethod->invokeArgs()
#2 /var/www/html/mbilling/yii/framework/web/actions/CInlineAction.php(47): CInlineAction->runWithParamsInternal()
#3 /var/www/html/mbilling/yii/framework/web/CController.php(308): CInlineAction->runWithParams()
#4 /var/www/html/mbilling/yii/framework/web/CController.php(286): StatusSystemController->runAction()
#5 /var/www/html/mbilling/yii/framework/web/CController.php(265): StatusSystemController->runActionWithFilters()
#6 /var/www/html/mbilling/yii/framework/web/CWebApplication.php(282): StatusSystemController->run()
#7 /var/www/html/mbilling/yii/framework/web/CWebApplication.php(141): CWebApplication->runController()
#8 /var/www/html/mbilling/yii/framework/base/CApplication.php(185): CWebApplication->processRequest()
#9 /var/www/html/mbilling/index.php(11): CWebApplication->run()
REQUEST_URI=/mbilling/index.php/statusSystem/read?_dc=1661126433096&page=1&start=0&limit=25
2022/08/22 00:00:35 [error] [php] Trying to get property of non-object (/var/www/html/mbilling/protected/controllers/StatusSystemController.php:58)
Stack trace:
#0 unknown(0): StatusSystemController->actionRead()
#1 /var/www/html/mbilling/yii/framework/web/actions/CAction.php(115): ReflectionMethod->invokeArgs()
#2 /var/www/html/mbilling/yii/framework/web/actions/CInlineAction.php(47): CInlineAction->runWithParamsInternal()
#3 /var/www/html/mbilling/yii/framework/web/CController.php(308): CInlineAction->runWithParams()
#4 /var/www/html/mbilling/yii/framework/web/CController.php(286): StatusSystemController->runAction()
#5 /var/www/html/mbilling/yii/framework/web/CController.php(265): StatusSystemController->runActionWithFilters()
#6 /var/www/html/mbilling/yii/framework/web/CWebApplication.php(282): StatusSystemController->run()
#7 /var/www/html/mbilling/yii/framework/web/CWebApplication.php(141): CWebApplication->runController()
#8 /var/www/html/mbilling/yii/framework/base/CApplication.php(185): CWebApplication->processRequest()
#9 /var/www/html/mbilling/index.php(11): CWebApplication->run()
REQUEST_URI=/mbilling/index.php/statusSystem/read?_dc=1661126435098&page=1&start=0&limit=25
2022/08/22 00:00:41 [error] [php] Trying to get property of non-object (/var/www/html/mbilling/protected/controllers/StatusSystemController.php:58)
Stack trace:
#0 unknown(0): StatusSystemController->actionRead()
#1 /var/www/html/mbilling/yii/framework/web/actions/CAction.php(115): ReflectionMethod->invokeArgs()
#2 /var/www/html/mbilling/yii/framework/web/actions/CInlineAction.php(47): CInlineAction->runWithParamsInternal()
#3 /var/www/html/mbilling/yii/framework/web/CController.php(308): CInlineAction->runWithParams()
#4 /var/www/html/mbilling/yii/framework/web/CController.php(286): StatusSystemController->runAction()
#5 /var/www/html/mbilling/yii/framework/web/CController.php(265): StatusSystemController->runActionWithFilters()
#6 /var/www/html/mbilling/yii/framework/web/CWebApplication.php(282): StatusSystemController->run()
#7 /var/www/html/mbilling/yii/framework/web/CWebApplication.php(141): CWebApplication->runController()
#8 /var/www/html/mbilling/yii/framework/base/CApplication.php(185): CWebApplication->processRequest()
#9 /var/www/html/mbilling/index.php(11): CWebApplication->run()
REQUEST_URI=/mbilling/index.php/statusSystem/read?_dc=1661126441211&page=1&start=0&limit=25
2022/08/22 00:00:43 [error] [php] Trying to get property of non-object (/var/www/html/mbilling/protected/controllers/StatusSystemController.php:58)
Stack trace:
#0 unknown(0): StatusSystemController->actionRead()
#1 /var/www/html/mbilling/yii/framework/web/actions/CAction.php(115): ReflectionMethod->invokeArgs()
#2 /var/www/html/mbilling/yii/framework/web/actions/CInlineAction.php(47): CInlineAction->runWithParamsInternal()
#3 /var/www/html/mbilling/yii/framework/web/CController.php(308): CInlineAction->runWithParams()
#4 /var/www/html/mbilling/yii/framework/web/CController.php(286): StatusSystemController->runAction()
#5 /var/www/html/mbilling/yii/framework/web/CController.php(265): StatusSystemController->runActionWithFilters()
#6 /var/www/html/mbilling/yii/framework/web/CWebApplication.php(282): StatusSystemController->run()
#7 /var/www/html/mbilling/yii/framework/web/CWebApplication.php(141): CWebApplication->runController()
#8 /var/www/html/mbilling/yii/framework/base/CApplication.php(185): CWebApplication->processRequest()
#9 /var/www/html/mbilling/index.php(11): CWebApplication->run()
REQUEST_URI=/mbilling/index.php/statusSystem/read?_dc=1661126443218&page=1&start=0&limit=25
2022/08/22 00:00:47 [error] [php] Trying to get property of non-object (/var/www/html/mbilling/protected/controllers/StatusSystemController.php:58)
Stack trace:
#0 unknown(0): StatusSystemController->actionRead()
#1 /var/www/html/mbilling/yii/framework/web/actions/CAction.php(115): ReflectionMethod->invokeArgs()
#2 /var/www/html/mbilling/yii/framework/web/actions/CInlineAction.php(47): CInlineAction->runWithParamsInternal()
#3 /var/www/html/mbilling/yii/framework/web/CController.php(308): CInlineAction->runWithParams()
#4 /var/www/html/mbilling/yii/framework/web/CController.php(286): StatusSystemController->runAction()
#5 /var/www/html/mbilling/yii/framework/web/CController.php(265): StatusSystemController->runActionWithFilters()
#6 /var/www/html/mbilling/yii/framework/web/CWebApplication.php(282): StatusSystemController->run()
#7 /var/www/html/mbilling/yii/framework/web/CWebApplication.php(141): CWebApplication->runController()
#8 /var/www/html/mbilling/yii/framework/base/CApplication.php(185): CWebApplication->processRequest()
#9 /var/www/html/mbilling/index.php(11): CWebApplication->run()
REQUEST_URI=/mbilling/index.php/statusSystem/read?_dc=1661126447317&page=1&start=0&limit=25
2022/08/22 00:00:53 [error] [php] Trying to get property of non-object (/var/www/html/mbilling/protected/controllers/StatusSystemController.php:58)
Stack trace:
#0 unknown(0): StatusSystemController->actionRead()
#1 /var/www/html/mbilling/yii/framework/web/actions/CAction.php(115): ReflectionMethod->invokeArgs()
#2 /var/www/html/mbilling/yii/framework/web/actions/CInlineAction.php(47): CInlineAction->runWithParamsInternal()
#3 /var/www/html/mbilling/yii/framework/web/CController.php(308): CInlineAction->runWithParams()
#4 /var/www/html/mbilling/yii/framework/web/CController.php(286): StatusSystemController->runAction()
#5 /var/www/html/mbilling/yii/framework/web/CController.php(265): StatusSystemController->runActionWithFilters()
#6 /var/www/html/mbilling/yii/framework/web/CWebApplication.php(282): StatusSystemController->run()
#7 /var/www/html/mbilling/yii/framework/web/CWebApplication.php(141): CWebApplication->runController()
#8 /var/www/html/mbilling/yii/framework/base/CApplication.php(185): CWebApplication->processRequest()
#9 /var/www/html/mbilling/index.php(11): CWebApplication->run()
REQUEST_URI=/mbilling/index.php/statusSystem/read?_dc=1661126453216&page=1&start=0&limit=25
2022/08/22 00:00:54 [error] [php] Trying to get property of non-object (/var/www/html/mbilling/protected/controllers/StatusSystemController.php:58)
Stack trace:
#0 unknown(0): StatusSystemController->actionRead()
#1 /var/www/html/mbilling/yii/framework/web/actions/CAction.php(115): ReflectionMethod->invokeArgs()
#2 /var/www/html/mbilling/yii/framework/web/actions/CInlineAction.php(47): CInlineAction->runWithParamsInternal()
#3 /var/www/html/mbilling/yii/framework/web/CController.php(308): CInlineAction->runWithParams()
#4 /var/www/html/mbilling/yii/framework/web/CController.php(286): StatusSystemController->runAction()
#5 /var/www/html/mbilling/yii/framework/web/CController.php(265): StatusSystemController->runActionWithFilters()
#6 /var/www/html/mbilling/yii/framework/web/CWebApplication.php(282): StatusSystemController->run()
#7 /var/www/html/mbilling/yii/framework/web/CWebApplication.php(141): CWebApplication->runController()
#8 /var/www/html/mbilling/yii/framework/base/CApplication.php(185): CWebApplication->processRequest()
#9 /var/www/html/mbilling/index.php(11): CWebApplication->run()
REQUEST_URI=/mbilling/index.php/statusSystem/read?_dc=1661126454218&page=1&start=0&limit=25
2022/08/22 00:01:00 [error] [php] Trying to get property of non-object (/var/www/html/mbilling/protected/controllers/StatusSystemController.php:58)
Stack trace:
#0 unknown(0): StatusSystemController->actionRead()
#1 /var/www/html/mbilling/yii/framework/web/actions/CAction.php(115): ReflectionMethod->invokeArgs()
#2 /var/www/html/mbilling/yii/framework/web/actions/CInlineAction.php(47): CInlineAction->runWithParamsInternal()
#3 /var/www/html/mbilling/yii/framework/web/CController.php(308): CInlineAction->runWithParams()
#4 /var/www/html/mbilling/yii/framework/web/CController.php(286): StatusSystemController->runAction()
#5 /var/www/html/mbilling/yii/framework/web/CController.php(265): StatusSystemController->runActionWithFilters()
#6 /var/www/html/mbilling/yii/framework/web/CWebApplication.php(282): StatusSystemController->run()
#7 /var/www/html/mbilling/yii/framework/web/CWebApplication.php(141): CWebApplication->runController()
#8 /var/www/html/mbilling/yii/framework/base/CApplication.php(185): CWebApplication->processRequest()
#9 /var/www/html/mbilling/index.php(11): CWebApplication->run()
REQUEST_URI=/mbilling/index.php/statusSystem/read?_dc=1661126460324&page=1&start=0&limit=25
2022/08/22 00:01:03 [error] [php] Trying to get property of non-object (/var/www/html/mbilling/protected/controllers/StatusSystemController.php:58)
Stack trace:
#0 unknown(0): StatusSystemController->actionRead()
#1 /var/www/html/mbilling/yii/framework/web/actions/CAction.php(115): ReflectionMethod->invokeArgs()
#2 /var/www/html/mbilling/yii/framework/web/actions/CInlineAction.php(47): CInlineAction->runWithParamsInternal()
#3 /var/www/html/mbilling/yii/framework/web/CController.php(308): CInlineAction->runWithParams()
#4 /var/www/html/mbilling/yii/framework/web/CController.php(286): StatusSystemController->runAction()
#5 /var/www/html/mbilling/yii/framework/web/CController.php(265): StatusSystemController->runActionWithFilters()
#6 /var/www/html/mbilling/yii/framework/web/CWebApplication.php(282): StatusSystemController->run()
#7 /var/www/html/mbilling/yii/framework/web/CWebApplication.php(141): CWebApplication->runController()
#8 /var/www/html/mbilling/yii/framework/base/CApplication.php(185): CWebApplication->processRequest()
#9 /var/www/html/mbilling/index.php(11): CWebApplication->run()
REQUEST_URI=/mbilling/index.php/statusSystem/read?_dc=1661126463512&page=1&start=0&limit=25
2022/08/22 00:01:07 [error] [php] Trying to get property of non-object (/var/www/html/mbilling/protected/controllers/StatusSystemController.php:58)
Stack trace:
#0 unknown(0): StatusSystemController->actionRead()
#1 /var/www/html/mbilling/yii/framework/web/actions/CAction.php(115): ReflectionMethod->invokeArgs()
#2 /var/www/html/mbilling/yii/framework/web/actions/CInlineAction.php(47): CInlineAction->runWithParamsInternal()
#3 /var/www/html/mbilling/yii/framework/web/CController.php(308): CInlineAction->runWithParams()
#4 /var/www/html/mbilling/yii/framework/web/CController.php(286): StatusSystemController->runAction()
#5 /var/www/html/mbilling/yii/framework/web/CController.php(265): StatusSystemController->runActionWithFilters()
#6 /var/www/html/mbilling/yii/framework/web/CWebApplication.php(282): StatusSystemController->run()
#7 /var/www/html/mbilling/yii/framework/web/CWebApplication.php(141): CWebApplication->runController()
#8 /var/www/html/mbilling/yii/framework/base/CApplication.php(185): CWebApplication->processRequest()
#9 /var/www/html/mbilling/index.php(11): CWebApplication->run()
REQUEST_URI=/mbilling/index.php/statusSystem/read?_dc=1661126467118&page=1&start=0&limit=25
2022/08/24 00:00:00 [error] [php] Trying to get property of non-object (/var/www/html/mbilling/protected/controllers/StatusSystemController.php:58)
Stack trace:
#0 unknown(0): StatusSystemController->actionRead()
#1 /var/www/html/mbilling/yii/framework/web/actions/CAction.php(115): ReflectionMethod->invokeArgs()
#2 /var/www/html/mbilling/yii/framework/web/actions/CInlineAction.php(47): CInlineAction->runWithParamsInternal()
#3 /var/www/html/mbilling/yii/framework/web/CController.php(308): CInlineAction->runWithParams()
#4 /var/www/html/mbilling/yii/framework/web/CController.php(286): StatusSystemController->runAction()
#5 /var/www/html/mbilling/yii/framework/web/CController.php(265): StatusSystemController->runActionWithFilters()
#6 /var/www/html/mbilling/yii/framework/web/CWebApplication.php(282): StatusSystemController->run()
#7 /var/www/html/mbilling/yii/framework/web/CWebApplication.php(141): CWebApplication->runController()
#8 /var/www/html/mbilling/yii/framework/base/CApplication.php(185): CWebApplication->processRequest()
#9 /var/www/html/mbilling/index.php(11): CWebApplication->run()
REQUEST_URI=/mbilling/index.php/statusSystem/read?_dc=1661299200417&page=1&start=0&limit=25
2022/08/24 00:00:02 [error] [php] Trying to get property of non-object (/var/www/html/mbilling/protected/controllers/StatusSystemController.php:58)
Stack trace:
#0 unknown(0): StatusSystemController->actionRead()
#1 /var/www/html/mbilling/yii/framework/web/actions/CAction.php(115): ReflectionMethod->invokeArgs()
#2 /var/www/html/mbilling/yii/framework/web/actions/CInlineAction.php(47): CInlineAction->runWithParamsInternal()
#3 /var/www/html/mbilling/yii/framework/web/CController.php(308): CInlineAction->runWithParams()
#4 /var/www/html/mbilling/yii/framework/web/CController.php(286): StatusSystemController->runAction()
#5 /var/www/html/mbilling/yii/framework/web/CController.php(265): StatusSystemController->runActionWithFilters()
#6 /var/www/html/mbilling/yii/framework/web/CWebApplication.php(282): StatusSystemController->run()
#7 /var/www/html/mbilling/yii/framework/web/CWebApplication.php(141): CWebApplication->runController()
#8 /var/www/html/mbilling/yii/framework/base/CApplication.php(185): CWebApplication->processRequest()
#9 /var/www/html/mbilling/index.php(11): CWebApplication->run()
REQUEST_URI=/mbilling/index.php/statusSystem/read?_dc=1661299202519&page=1&start=0&limit=25
2022/08/24 00:00:08 [error] [php] Trying to get property of non-object (/var/www/html/mbilling/protected/controllers/StatusSystemController.php:58)
Stack trace:
#0 unknown(0): StatusSystemController->actionRead()
#1 /var/www/html/mbilling/yii/framework/web/actions/CAction.php(115): ReflectionMethod->invokeArgs()
#2 /var/www/html/mbilling/yii/framework/web/actions/CInlineAction.php(47): CInlineAction->runWithParamsInternal()
#3 /var/www/html/mbilling/yii/framework/web/CController.php(308): CInlineAction->runWithParams()
#4 /var/www/html/mbilling/yii/framework/web/CController.php(286): StatusSystemController->runAction()
#5 /var/www/html/mbilling/yii/framework/web/CController.php(265): StatusSystemController->runActionWithFilters()
#6 /var/www/html/mbilling/yii/framework/web/CWebApplication.php(282): StatusSystemController->run()
#7 /var/www/html/mbilling/yii/framework/web/CWebApplication.php(141): CWebApplication->runController()
#8 /var/www/html/mbilling/yii/framework/base/CApplication.php(185): CWebApplication->processRequest()
#9 /var/www/html/mbilling/index.php(11): CWebApplication->run()
REQUEST_URI=/mbilling/index.php/statusSystem/read?_dc=1661299208635&page=1&start=0&limit=25
2022/08/24 00:00:10 [error] [php] Trying to get property of non-object (/var/www/html/mbilling/protected/controllers/StatusSystemController.php:58)
Stack trace:
#0 unknown(0): StatusSystemController->actionRead()
#1 /var/www/html/mbilling/yii/framework/web/actions/CAction.php(115): ReflectionMethod->invokeArgs()
#2 /var/www/html/mbilling/yii/framework/web/actions/CInlineAction.php(47): CInlineAction->runWithParamsInternal()
#3 /var/www/html/mbilling/yii/framework/web/CController.php(308): CInlineAction->runWithParams()
#4 /var/www/html/mbilling/yii/framework/web/CController.php(286): StatusSystemController->runAction()
#5 /var/www/html/mbilling/yii/framework/web/CController.php(265): StatusSystemController->runActionWithFilters()
#6 /var/www/html/mbilling/yii/framework/web/CWebApplication.php(282): StatusSystemController->run()
#7 /var/www/html/mbilling/yii/framework/web/CWebApplication.php(141): CWebApplication->runController()
#8 /var/www/html/mbilling/yii/framework/base/CApplication.php(185): CWebApplication->processRequest()
#9 /var/www/html/mbilling/index.php(11): CWebApplication->run()
REQUEST_URI=/mbilling/index.php/statusSystem/read?_dc=1661299210643&page=1&start=0&limit=25
2022/08/24 00:00:14 [error] [php] Trying to get property of non-object (/var/www/html/mbilling/protected/controllers/StatusSystemController.php:58)
Stack trace:
#0 unknown(0): StatusSystemController->actionRead()
#1 /var/www/html/mbilling/yii/framework/web/actions/CAction.php(115): ReflectionMethod->invokeArgs()
#2 /var/www/html/mbilling/yii/framework/web/actions/CInlineAction.php(47): CInlineAction->runWithParamsInternal()
#3 /var/www/html/mbilling/yii/framework/web/CController.php(308): CInlineAction->runWithParams()
#4 /var/www/html/mbilling/yii/framework/web/CController.php(286): StatusSystemController->runAction()
#5 /var/www/html/mbilling/yii/framework/web/CController.php(265): StatusSystemController->runActionWithFilters()
#6 /var/www/html/mbilling/yii/framework/web/CWebApplication.php(282): StatusSystemController->run()
#7 /var/www/html/mbilling/yii/framework/web/CWebApplication.php(141): CWebApplication->runController()
#8 /var/www/html/mbilling/yii/framework/base/CApplication.php(185): CWebApplication->processRequest()
#9 /var/www/html/mbilling/index.php(11): CWebApplication->run()
REQUEST_URI=/mbilling/index.php/statusSystem/read?_dc=1661299214738&page=1&start=0&limit=25
2022/08/24 00:00:20 [error] [php] Trying to get property of non-object (/var/www/html/mbilling/protected/controllers/StatusSystemController.php:58)
Stack trace:
#0 unknown(0): StatusSystemController->actionRead()
#1 /var/www/html/mbilling/yii/framework/web/actions/CAction.php(115): ReflectionMethod->invokeArgs()
#2 /var/www/html/mbilling/yii/framework/web/actions/CInlineAction.php(47): CInlineAction->runWithParamsInternal()
#3 /var/www/html/mbilling/yii/framework/web/CController.php(308): CInlineAction->runWithParams()
#4 /var/www/html/mbilling/yii/framework/web/CController.php(286): StatusSystemController->runAction()
#5 /var/www/html/mbilling/yii/framework/web/CController.php(265): StatusSystemController->runActionWithFilters()
#6 /var/www/html/mbilling/yii/framework/web/CWebApplication.php(282): StatusSystemController->run()
#7 /var/www/html/mbilling/yii/framework/web/CWebApplication.php(141): CWebApplication->runController()
#8 /var/www/html/mbilling/yii/framework/base/CApplication.php(185): CWebApplication->processRequest()
#9 /var/www/html/mbilling/index.php(11): CWebApplication->run()
REQUEST_URI=/mbilling/index.php/statusSystem/read?_dc=1661299220752&page=1&start=0&limit=25
2022/08/24 00:00:21 [error] [php] Trying to get property of non-object (/var/www/html/mbilling/protected/controllers/StatusSystemController.php:58)
Stack trace:
#0 unknown(0): StatusSystemController->actionRead()
#1 /var/www/html/mbilling/yii/framework/web/actions/CAction.php(115): ReflectionMethod->invokeArgs()
#2 /var/www/html/mbilling/yii/framework/web/actions/CInlineAction.php(47): CInlineAction->runWithParamsInternal()
#3 /var/www/html/mbilling/yii/framework/web/CController.php(308): CInlineAction->runWithParams()
#4 /var/www/html/mbilling/yii/framework/web/CController.php(286): StatusSystemController->runAction()
#5 /var/www/html/mbilling/yii/framework/web/CController.php(265): StatusSystemController->runActionWithFilters()
#6 /var/www/html/mbilling/yii/framework/web/CWebApplication.php(282): StatusSystemController->run()
#7 /var/www/html/mbilling/yii/framework/web/CWebApplication.php(141): CWebApplication->runController()
#8 /var/www/html/mbilling/yii/framework/base/CApplication.php(185): CWebApplication->processRequest()
#9 /var/www/html/mbilling/index.php(11): CWebApplication->run()
REQUEST_URI=/mbilling/index.php/statusSystem/read?_dc=1661299221757&page=1&start=0&limit=25
2022/08/24 00:00:28 [error] [php] Trying to get property of non-object (/var/www/html/mbilling/protected/controllers/StatusSystemController.php:58)
Stack trace:
#0 unknown(0): StatusSystemController->actionRead()
#1 /var/www/html/mbilling/yii/framework/web/actions/CAction.php(115): ReflectionMethod->invokeArgs()
#2 /var/www/html/mbilling/yii/framework/web/actions/CInlineAction.php(47): CInlineAction->runWithParamsInternal()
#3 /var/www/html/mbilling/yii/framework/web/CController.php(308): CInlineAction->runWithParams()
#4 /var/www/html/mbilling/yii/framework/web/CController.php(286): StatusSystemController->runAction()
#5 /var/www/html/mbilling/yii/framework/web/CController.php(265): StatusSystemController->runActionWithFilters()
#6 /var/www/html/mbilling/yii/framework/web/CWebApplication.php(282): StatusSystemController->run()
#7 /var/www/html/mbilling/yii/framework/web/CWebApplication.php(141): CWebApplication->runController()
#8 /var/www/html/mbilling/yii/framework/base/CApplication.php(185): CWebApplication->processRequest()
#9 /var/www/html/mbilling/index.php(11): CWebApplication->run()
REQUEST_URI=/mbilling/index.php/statusSystem/read?_dc=1661299227849&page=1&start=0&limit=25
2022/08/24 00:00:31 [error] [php] Trying to get property of non-object (/var/www/html/mbilling/protected/controllers/StatusSystemController.php:58)
Stack trace:
#0 unknown(0): StatusSystemController->actionRead()
#1 /var/www/html/mbilling/yii/framework/web/actions/CAction.php(115): ReflectionMethod->invokeArgs()
#2 /var/www/html/mbilling/yii/framework/web/actions/CInlineAction.php(47): CInlineAction->runWithParamsInternal()
#3 /var/www/html/mbilling/yii/framework/web/CController.php(308): CInlineAction->runWithParams()
#4 /var/www/html/mbilling/yii/framework/web/CController.php(286): StatusSystemController->runAction()
#5 /var/www/html/mbilling/yii/framework/web/CController.php(265): StatusSystemController->runActionWithFilters()
#6 /var/www/html/mbilling/yii/framework/web/CWebApplication.php(282): StatusSystemController->run()
#7 /var/www/html/mbilling/yii/framework/web/CWebApplication.php(141): CWebApplication->runController()
#8 /var/www/html/mbilling/yii/framework/base/CApplication.php(185): CWebApplication->processRequest()
#9 /var/www/html/mbilling/index.php(11): CWebApplication->run()
REQUEST_URI=/mbilling/index.php/statusSystem/read?_dc=1661299230858&page=1&start=0&limit=25
2022/08/24 00:00:34 [error] [php] Trying to get property of non-object (/var/www/html/mbilling/protected/controllers/StatusSystemController.php:58)
Stack trace:
#0 unknown(0): StatusSystemController->actionRead()
#1 /var/www/html/mbilling/yii/framework/web/actions/CAction.php(115): ReflectionMethod->invokeArgs()
#2 /var/www/html/mbilling/yii/framework/web/actions/CInlineAction.php(47): CInlineAction->runWithParamsInternal()
#3 /var/www/html/mbilling/yii/framework/web/CController.php(308): CInlineAction->runWithParams()
#4 /var/www/html/mbilling/yii/framework/web/CController.php(286): StatusSystemController->runAction()
#5 /var/www/html/mbilling/yii/framework/web/CController.php(265): StatusSystemController->runActionWithFilters()
#6 /var/www/html/mbilling/yii/framework/web/CWebApplication.php(282): StatusSystemController->run()
#7 /var/www/html/mbilling/yii/framework/web/CWebApplication.php(141): CWebApplication->runController()
#8 /var/www/html/mbilling/yii/framework/base/CApplication.php(185): CWebApplication->processRequest()
#9 /var/www/html/mbilling/index.php(11): CWebApplication->run()
REQUEST_URI=/mbilling/index.php/statusSystem/read?_dc=1661299233950&page=1&start=0&limit=25
2022/08/24 00:00:40 [error] [php] Trying to get property of non-object (/var/www/html/mbilling/protected/controllers/StatusSystemController.php:58)
Stack trace:
#0 unknown(0): StatusSystemController->actionRead()
#1 /var/www/html/mbilling/yii/framework/web/actions/CAction.php(115): ReflectionMethod->invokeArgs()
#2 /var/www/html/mbilling/yii/framework/web/actions/CInlineAction.php(47): CInlineAction->runWithParamsInternal()
#3 /var/www/html/mbilling/yii/framework/web/CController.php(308): CInlineAction->runWithParams()
#4 /var/www/html/mbilling/yii/framework/web/CController.php(286): StatusSystemController->runAction()
#5 /var/www/html/mbilling/yii/framework/web/CController.php(265): StatusSystemController->runActionWithFilters()
#6 /var/www/html/mbilling/yii/framework/web/CWebApplication.php(282): StatusSystemController->run()
#7 /var/www/html/mbilling/yii/framework/web/CWebApplication.php(141): CWebApplication->runController()
#8 /var/www/html/mbilling/yii/framework/base/CApplication.php(185): CWebApplication->processRequest()
#9 /var/www/html/mbilling/index.php(11): CWebApplication->run()
REQUEST_URI=/mbilling/index.php/statusSystem/read?_dc=1661299240062&page=1&start=0&limit=25
2022/08/24 00:00:41 [error] [php] Trying to get property of non-object (/var/www/html/mbilling/protected/controllers/StatusSystemController.php:58)
Stack trace:
#0 unknown(0): StatusSystemController->actionRead()
#1 /var/www/html/mbilling/yii/framework/web/actions/CAction.php(115): ReflectionMethod->invokeArgs()
#2 /var/www/html/mbilling/yii/framework/web/actions/CInlineAction.php(47): CInlineAction->runWithParamsInternal()
#3 /var/www/html/mbilling/yii/framework/web/CController.php(308): CInlineAction->runWithParams()
#4 /var/www/html/mbilling/yii/framework/web/CController.php(286): StatusSystemController->runAction()
#5 /var/www/html/mbilling/yii/framework/web/CController.php(265): StatusSystemController->runActionWithFilters()
#6 /var/www/html/mbilling/yii/framework/web/CWebApplication.php(282): StatusSystemController->run()
#7 /var/www/html/mbilling/yii/framework/web/CWebApplication.php(141): CWebApplication->runController()
#8 /var/www/html/mbilling/yii/framework/base/CApplication.php(185): CWebApplication->processRequest()
#9 /var/www/html/mbilling/index.php(11): CWebApplication->run()
REQUEST_URI=/mbilling/index.php/statusSystem/read?_dc=1661299241064&page=1&start=0&limit=25
2022/08/24 00:00:46 [error] [php] Trying to get property of non-object (/var/www/html/mbilling/protected/controllers/StatusSystemController.php:58)
Stack trace:
#0 unknown(0): StatusSystemController->actionRead()
#1 /var/www/html/mbilling/yii/framework/web/actions/CAction.php(115): ReflectionMethod->invokeArgs()
#2 /var/www/html/mbilling/yii/framework/web/actions/CInlineAction.php(47): CInlineAction->runWithParamsInternal()
#3 /var/www/html/mbilling/yii/framework/web/CController.php(308): CInlineAction->runWithParams()
#4 /var/www/html/mbilling/yii/framework/web/CController.php(286): StatusSystemController->runAction()
#5 /var/www/html/mbilling/yii/framework/web/CController.php(265): StatusSystemController->runActionWithFilters()
#6 /var/www/html/mbilling/yii/framework/web/CWebApplication.php(282): StatusSystemController->run()
#7 /var/www/html/mbilling/yii/framework/web/CWebApplication.php(141): CWebApplication->runController()
#8 /var/www/html/mbilling/yii/framework/base/CApplication.php(185): CWebApplication->processRequest()
#9 /var/www/html/mbilling/index.php(11): CWebApplication->run()
REQUEST_URI=/mbilling/index.php/statusSystem/read?_dc=1661299246165&page=1&start=0&limit=25
2022/08/24 00:00:51 [error] [php] Trying to get property of non-object (/var/www/html/mbilling/protected/controllers/StatusSystemController.php:58)
Stack trace:
#0 unknown(0): StatusSystemController->actionRead()
#1 /var/www/html/mbilling/yii/framework/web/actions/CAction.php(115): ReflectionMethod->invokeArgs()
#2 /var/www/html/mbilling/yii/framework/web/actions/CInlineAction.php(47): CInlineAction->runWithParamsInternal()
#3 /var/www/html/mbilling/yii/framework/web/CController.php(308): CInlineAction->runWithParams()
#4 /var/www/html/mbilling/yii/framework/web/CController.php(286): StatusSystemController->runAction()
#5 /var/www/html/mbilling/yii/framework/web/CController.php(265): StatusSystemController->runActionWithFilters()
#6 /var/www/html/mbilling/yii/framework/web/CWebApplication.php(282): StatusSystemController->run()
#7 /var/www/html/mbilling/yii/framework/web/CWebApplication.php(141): CWebApplication->runController()
#8 /var/www/html/mbilling/yii/framework/base/CApplication.php(185): CWebApplication->processRequest()
#9 /var/www/html/mbilling/index.php(11): CWebApplication->run()
REQUEST_URI=/mbilling/index.php/statusSystem/read?_dc=1661299251188&page=1&start=0&limit=25
2022/08/24 00:00:53 [error] [php] Trying to get property of non-object (/var/www/html/mbilling/protected/controllers/StatusSystemController.php:58)
Stack trace:
#0 unknown(0): StatusSystemController->actionRead()
#1 /var/www/html/mbilling/yii/framework/web/actions/CAction.php(115): ReflectionMethod->invokeArgs()
#2 /var/www/html/mbilling/yii/framework/web/actions/CInlineAction.php(47): CInlineAction->runWithParamsInternal()
#3 /var/www/html/mbilling/yii/framework/web/CController.php(308): CInlineAction->runWithParams()
#4 /var/www/html/mbilling/yii/framework/web/CController.php(286): StatusSystemController->runAction()
#5 /var/www/html/mbilling/yii/framework/web/CController.php(265): StatusSystemController->runActionWithFilters()
#6 /var/www/html/mbilling/yii/framework/web/CWebApplication.php(282): StatusSystemController->run()
#7 /var/www/html/mbilling/yii/framework/web/CWebApplication.php(141): CWebApplication->runController()
#8 /var/www/html/mbilling/yii/framework/base/CApplication.php(185): CWebApplication->processRequest()
#9 /var/www/html/mbilling/index.php(11): CWebApplication->run()
REQUEST_URI=/mbilling/index.php/statusSystem/read?_dc=1661299253188&page=1&start=0&limit=25
2022/08/24 00:00:59 [error] [php] Trying to get property of non-object (/var/www/html/mbilling/protected/controllers/StatusSystemController.php:58)
Stack trace:
#0 unknown(0): StatusSystemController->actionRead()
#1 /var/www/html/mbilling/yii/framework/web/actions/CAction.php(115): ReflectionMethod->invokeArgs()
#2 /var/www/html/mbilling/yii/framework/web/actions/CInlineAction.php(47): CInlineAction->runWithParamsInternal()
#3 /var/www/html/mbilling/yii/framework/web/CController.php(308): CInlineAction->runWithParams()
#4 /var/www/html/mbilling/yii/framework/web/CController.php(286): StatusSystemController->runAction()
#5 /var/www/html/mbilling/yii/framework/web/CController.php(265): StatusSystemController->runActionWithFilters()
#6 /var/www/html/mbilling/yii/framework/web/CWebApplication.php(282): StatusSystemController->run()
#7 /var/www/html/mbilling/yii/framework/web/CWebApplication.php(141): CWebApplication->runController()
#8 /var/www/html/mbilling/yii/framework/base/CApplication.php(185): CWebApplication->processRequest()
#9 /var/www/html/mbilling/index.php(11): CWebApplication->run()
REQUEST_URI=/mbilling/index.php/statusSystem/read?_dc=1661299259283&page=1&start=0&limit=25
2022/08/24 00:01:01 [error] [php] Trying to get property of non-object (/var/www/html/mbilling/protected/controllers/StatusSystemController.php:58)
Stack trace:
#0 unknown(0): StatusSystemController->actionRead()
#1 /var/www/html/mbilling/yii/framework/web/actions/CAction.php(115): ReflectionMethod->invokeArgs()
#2 /var/www/html/mbilling/yii/framework/web/actions/CInlineAction.php(47): CInlineAction->runWithParamsInternal()
#3 /var/www/html/mbilling/yii/framework/web/CController.php(308): CInlineAction->runWithParams()
#4 /var/www/html/mbilling/yii/framework/web/CController.php(286): StatusSystemController->runAction()
#5 /var/www/html/mbilling/yii/framework/web/CController.php(265): StatusSystemController->runActionWithFilters()
#6 /var/www/html/mbilling/yii/framework/web/CWebApplication.php(282): StatusSystemController->run()
#7 /var/www/html/mbilling/yii/framework/web/CWebApplication.php(141): CWebApplication->runController()
#8 /var/www/html/mbilling/yii/framework/base/CApplication.php(185): CWebApplication->processRequest()
#9 /var/www/html/mbilling/index.php(11): CWebApplication->run()
REQUEST_URI=/mbilling/index.php/statusSystem/read?_dc=1661299261287&page=1&start=0&limit=25
2022/08/24 00:01:06 [error] [php] Trying to get property of non-object (/var/www/html/mbilling/protected/controllers/StatusSystemController.php:58)
Stack trace:
#0 unknown(0): StatusSystemController->actionRead()
#1 /var/www/html/mbilling/yii/framework/web/actions/CAction.php(115): ReflectionMethod->invokeArgs()
#2 /var/www/html/mbilling/yii/framework/web/actions/CInlineAction.php(47): CInlineAction->runWithParamsInternal()
#3 /var/www/html/mbilling/yii/framework/web/CController.php(308): CInlineAction->runWithParams()
#4 /var/www/html/mbilling/yii/framework/web/CController.php(286): StatusSystemController->runAction()
#5 /var/www/html/mbilling/yii/framework/web/CController.php(265): StatusSystemController->runActionWithFilters()
#6 /var/www/html/mbilling/yii/framework/web/CWebApplication.php(282): StatusSystemController->run()
#7 /var/www/html/mbilling/yii/framework/web/CWebApplication.php(141): CWebApplication->runController()
#8 /var/www/html/mbilling/yii/framework/base/CApplication.php(185): CWebApplication->processRequest()
#9 /var/www/html/mbilling/index.php(11): CWebApplication->run()
REQUEST_URI=/mbilling/index.php/statusSystem/read?_dc=1661299265959&page=1&start=0&limit=25
2022/08/24 00:01:11 [error] [php] Trying to get property of non-object (/var/www/html/mbilling/protected/controllers/StatusSystemController.php:58)
Stack trace:
#0 unknown(0): StatusSystemController->actionRead()
#1 /var/www/html/mbilling/yii/framework/web/actions/CAction.php(115): ReflectionMethod->invokeArgs()
#2 /var/www/html/mbilling/yii/framework/web/actions/CInlineAction.php(47): CInlineAction->runWithParamsInternal()
#3 /var/www/html/mbilling/yii/framework/web/CController.php(308): CInlineAction->runWithParams()
#4 /var/www/html/mbilling/yii/framework/web/CController.php(286): StatusSystemController->runAction()
#5 /var/www/html/mbilling/yii/framework/web/CController.php(265): StatusSystemController->runActionWithFilters()
#6 /var/www/html/mbilling/yii/framework/web/CWebApplication.php(282): StatusSystemController->run()
#7 /var/www/html/mbilling/yii/framework/web/CWebApplication.php(141): CWebApplication->runController()
#8 /var/www/html/mbilling/yii/framework/base/CApplication.php(185): CWebApplication->processRequest()
#9 /var/www/html/mbilling/index.php(11): CWebApplication->run()
REQUEST_URI=/mbilling/index.php/statusSystem/read?_dc=1661299271288&page=1&start=0&limit=25
2022/08/24 00:01:12 [error] [php] Trying to get property of non-object (/var/www/html/mbilling/protected/controllers/StatusSystemController.php:58)
Stack trace:
#0 unknown(0): StatusSystemController->actionRead()
#1 /var/www/html/mbilling/yii/framework/web/actions/CAction.php(115): ReflectionMethod->invokeArgs()
#2 /var/www/html/mbilling/yii/framework/web/actions/CInlineAction.php(47): CInlineAction->runWithParamsInternal()
#3 /var/www/html/mbilling/yii/framework/web/CController.php(308): CInlineAction->runWithParams()
#4 /var/www/html/mbilling/yii/framework/web/CController.php(286): StatusSystemController->runAction()
#5 /var/www/html/mbilling/yii/framework/web/CController.php(265): StatusSystemController->runActionWithFilters()
#6 /var/www/html/mbilling/yii/framework/web/CWebApplication.php(282): StatusSystemController->run()
#7 /var/www/html/mbilling/yii/framework/web/CWebApplication.php(141): CWebApplication->runController()
#8 /var/www/html/mbilling/yii/framework/base/CApplication.php(185): CWebApplication->processRequest()
#9 /var/www/html/mbilling/index.php(11): CWebApplication->run()
REQUEST_URI=/mbilling/index.php/statusSystem/read?_dc=1661299272294&page=1&start=0&limit=25
